#
# A fatal error has been detected by the Java Runtime Environment:
#
#  EXCEPTION_ACCESS_VIOLATION (0xc0000005) at pc=0x617493cd, pid=1208, tid=0x0000336c
#
# JRE version: Java(TM) SE Runtime Environment (8.0_92-b14) (build 1.8.0_92-b14)
# Java VM: Java HotSpot(TM) Client VM (25.92-b14 mixed mode windows-x86 )
# Problematic frame:
# C  [listSerialsj.dll+0x93cd]
#
# Failed to write core dump. Minidumps are not enabled by default on client versions of Windows
#
# If you would like to submit a bug report, please visit:
#   http://bugreport.java.com/bugreport/crash.jsp
# The crash happened outside the Java Virtual Machine in native code.
# See problematic frame for where to report the bug.
#

---------------  T H R E A D  ---------------

Current thread (0x26c15400):  JavaThread "cc.arduino.packages.discoverers.serial.SerialBoardsLister" [_thread_in_native, id=13164, stack(0x29190000,0x291e0000)]

siginfo: ExceptionCode=0xc0000005, writing address 0x00000000

Registers:
EAX=0x00000000, EBX=0x00000bf0, ECX=0x00000000, EDX=0x00000001
ESP=0x291defd0, EBP=0x291df428, ESI=0x00000004, EDI=0x00776008
EIP=0x617493cd, EFLAGS=0x00010246

Top of Stack: (sp=0x291defd0)
0x291defd0:   274e19f0 0000002e 00000002 00000000
0x291defe0:   00000003 00000000 00000000 00000000
0x291deff0:   291defdc 00000000 0000006c 751ea540
0x291df000:   274e6fb0 00fffffe 00776218 000000a1
0x291df010:   00000000 00000000 00000068 00000002
0x291df020:   00000001 0000006c 00000056 291df178
0x291df030:   00000000 291df15c 334d4f43 00000000
0x291df040:   00425355 00000001 009d0000 00000400 

Instructions: (pc=0x617493cd)
0x617493ad:   8b 45 08 8b 90 94 00 00 00 85 d2 74 16 8b 40 2c
0x617493bd:   c7 44 24 04 2e 00 00 00 89 04 24 e8 73 14 00 00
0x617493cd:   c6 00 00 8d 85 04 fc ff ff 89 44 24 18 8d 85 0a
0x617493dd:   fc ff ff 89 44 24 10 a1 e4 01 75 61 c7 85 04 fc 


Register to memory mapping:

EAX=0x00000000 is an unknown value
EBX=0x00000bf0 is an unknown value
ECX=0x00000000 is an unknown value
EDX=0x00000001 is an unknown value
ESP=0x291defd0 is pointing into the stack for thread: 0x26c15400
EBP=0x291df428 is pointing into the stack for thread: 0x26c15400
ESI=0x00000004 is an unknown value
EDI=0x00776008 is an unknown value


Stack: [0x29190000,0x291e0000],  sp=0x291defd0,  free space=315k
Native frames: (J=compiled Java code, j=interpreted, Vv=VM code, C=native code)
C  [listSerialsj.dll+0x93cd]
C  [listSerialsj.dll+0x2211]

Java frames: (J=compiled Java code, j=interpreted, Vv=VM code)
j  processing.app.Platform.listSerialsNative()[Ljava/lang/String;+0
j  processing.app.Platform.listSerials()Ljava/util/List;+5
j  cc.arduino.packages.discoverers.serial.SerialBoardsLister.retriggerDiscovery(Z)V+22
j  cc.arduino.packages.discoverers.serial.SerialBoardsLister.run()V+9
j  java.util.TimerThread.mainLoop()V+221
j  java.util.TimerThread.run()V+1
v  ~StubRoutines::call_stub

---------------  P R O C E S S  ---------------

Java Threads: ( => current thread )
  0x29882800 JavaThread "Thread-29" [_thread_blocked, id=7064, stack(0x00d90000,0x00de0000)]
  0x29882000 JavaThread "JmDNS(ZEBES.local.).Timer" daemon [_thread_blocked, id=7888, stack(0x2ddb0000,0x2de00000)]
  0x29883400 JavaThread "JmDNS(ZEBES.local.).State.Timer" [_thread_blocked, id=12964, stack(0x2dd20000,0x2dd70000)]
  0x295bd800 JavaThread "JmDNS(ZEBES.local.).Timer" daemon [_thread_blocked, id=15656, stack(0x2dc90000,0x2dce0000)]
  0x295bd400 JavaThread "SocketListener(ZEBES.local.)" daemon [_thread_in_native, id=15984, stack(0x2dc00000,0x2dc50000)]
  0x295c0000 JavaThread "JmDNS(ZEBES.local.).Timer" daemon [_thread_blocked, id=4116, stack(0x2da70000,0x2dac0000)]
  0x295bcc00 JavaThread "JmDNS(ZEBES.local.).State.Timer" [_thread_blocked, id=6932, stack(0x2c7e0000,0x2c830000)]
  0x295c0800 JavaThread "JmDNS(ZEBES.local.).Timer" daemon [_thread_blocked, id=15840, stack(0x2af20000,0x2af70000)]
  0x295c1400 JavaThread "SocketListener(ZEBES.local.)" daemon [_thread_in_native, id=8672, stack(0x27fc0000,0x28010000)]
  0x295c0c00 JavaThread "JmDNS(ZEBES.local.).Timer" daemon [_thread_blocked, id=13236, stack(0x27f30000,0x27f80000)]
  0x295c2800 JavaThread "JmDNS(ZEBES.local.).State.Timer" [_thread_blocked, id=7720, stack(0x27ea0000,0x27ef0000)]
  0x295bec00 JavaThread "JmDNS(ZEBES.local.).Timer" daemon [_thread_blocked, id=14024, stack(0x27e10000,0x27e60000)]
  0x295bc400 JavaThread "SocketListener(ZEBES.local.)" daemon [_thread_in_native, id=13796, stack(0x00eb0000,0x00f00000)]
  0x295bb400 JavaThread "JmDNS(ZEBES.local.).Timer" daemon [_thread_blocked, id=16284, stack(0x27d80000,0x27dd0000)]
  0x295bb800 JavaThread "JmDNS(ZEBES.local.).State.Timer" [_thread_blocked, id=16052, stack(0x27cf0000,0x27d40000)]
  0x295bfc00 JavaThread "JmDNS(ZEBES.local.).Timer" daemon [_thread_blocked, id=8460, stack(0x27c60000,0x27cb0000)]
  0x295be800 JavaThread "SocketListener(ZEBES.local.)" daemon [_thread_in_native, id=2916, stack(0x27480000,0x274d0000)]
  0x295c2000 JavaThread "JmDNS(ZEBES.local.).Timer" daemon [_thread_blocked, id=16524, stack(0x27bb0000,0x27c00000)]
  0x295bc000 JavaThread "JmDNS(ZEBES.local.).State.Timer" [_thread_blocked, id=12380, stack(0x27b20000,0x27b70000)]
  0x295c1c00 JavaThread "JmDNS(ZEBES.local.).Timer" daemon [_thread_blocked, id=7204, stack(0x27a90000,0x27ae0000)]
  0x295be000 JavaThread "SocketListener(ZEBES.local.)" daemon [_thread_in_native, id=6884, stack(0x00f50000,0x00fa0000)]
  0x295bf400 JavaThread "DestroyJavaVM" [_thread_blocked, id=7228, stack(0x01010000,0x01060000)]
  0x29883000 JavaThread "AWT-EventQueue-0" [_thread_blocked, id=10972, stack(0x273f0000,0x27440000)]
  0x29881c00 JavaThread "AWT-Shutdown" [_thread_blocked, id=7936, stack(0x27360000,0x273b0000)]
  0x29883c00 JavaThread "TimerQueue" daemon [_thread_blocked, id=7704, stack(0x271d0000,0x27220000)]
  0x29884000 JavaThread "Batik CleanerThread" daemon [_thread_blocked, id=12888, stack(0x2c790000,0x2c7e0000)]
  0x263da800 JavaThread "JmDNS(ZEBES.local.).Timer" daemon [_thread_blocked, id=17060, stack(0x2c5a0000,0x2c5f0000)]
  0x263e1400 JavaThread "JmDNS(ZEBES.local.).State.Timer" [_thread_blocked, id=8128, stack(0x2adc0000,0x2ae10000)]
  0x2975c400 JavaThread "JmDNS(ZEBES.local.).Timer" daemon [_thread_blocked, id=11732, stack(0x26ef0000,0x26f40000)]
  0x26b56800 JavaThread "SocketListener(ZEBES.local.)" daemon [_thread_in_native, id=13708, stack(0x03660000,0x036b0000)]
  0x26c76000 JavaThread "cc.arduino.packages.discoverers.network.BoardReachabilityFilter" [_thread_blocked, id=8904, stack(0x292b0000,0x29300000)]
  0x26c1a000 JavaThread "cc.arduino.packages.discoverers.network.NetworkChecker" [_thread_in_native, id=7560, stack(0x29220000,0x29270000)]
=>0x26c15400 JavaThread "cc.arduino.packages.discoverers.serial.SerialBoardsLister" [_thread_in_native, id=13164, stack(0x29190000,0x291e0000)]
  0x26bd0800 JavaThread "AWT-Windows" daemon [_thread_in_native, id=12920, stack(0x26f80000,0x26fd0000)]
  0x26bc3400 JavaThread "Java2D Disposer" daemon [_thread_blocked, id=4016, stack(0x26e60000,0x26eb0000)]
  0x26428c00 JavaThread "Service Thread" daemon [_thread_blocked, id=9456, stack(0x26850000,0x268a0000)]
  0x26401c00 JavaThread "C1 CompilerThread0" daemon [_thread_blocked, id=9364, stack(0x267c0000,0x26810000)]
  0x26401000 JavaThread "Attach Listener" daemon [_thread_blocked, id=14596, stack(0x26730000,0x26780000)]
  0x263fd000 JavaThread "Signal Dispatcher" daemon [_thread_blocked, id=10520, stack(0x266a0000,0x266f0000)]
  0x263b8800 JavaThread "Finalizer" daemon [_thread_blocked, id=8512, stack(0x25e70000,0x25ec0000)]
  0x263b2800 JavaThread "Reference Handler" daemon [_thread_blocked, id=14500, stack(0x25de0000,0x25e30000)]

Other Threads:
  0x26397400 VMThread [stack: 0x25d50000,0x25da0000] [id=8688]
  0x2645a400 WatcherThread [stack: 0x268e0000,0x26930000] [id=16200]

VM state:not at safepoint (normal execution)

VM Mutex/Monitor currently owned by a thread: None

Heap:
 def new generation   total 39424K, used 4827K [0x05800000, 0x082c0000, 0x102a0000)
  eden space 35072K,   2% used [0x05800000, 0x058f58c0, 0x07a40000)
  from space 4352K,  88% used [0x07a40000, 0x07e01558, 0x07e80000)
  to   space 4352K,   0% used [0x07e80000, 0x07e80000, 0x082c0000)
 tenured generation   total 87424K, used 17434K [0x102a0000, 0x15800000, 0x25800000)
   the space 87424K,  19% used [0x102a0000, 0x113a6a90, 0x113a6c00, 0x15800000)
 Metaspace       used 17830K, capacity 18290K, committed 18304K, reserved 18816K

Card table byte_map: [0x056d0000,0x057e0000] byte_map_base: 0x056a4000

Polling page: 0x006d0000

CodeCache: size=32768Kb used=3165Kb max_used=3165Kb free=29602Kb
 bounds [0x036d0000, 0x039e8000, 0x056d0000]
 total_blobs=1987 nmethods=1717 adapters=200
 compilation: enabled

Compilation events (10 events):
Event: 131.965 Thread 0x26401c00 1738             java.util.regex.Pattern::atom (379 bytes)
Event: 131.970 Thread 0x26401c00 nmethod 1738 0x039e6288 code [0x039e6420, 0x039e6a48]
Event: 131.982 Thread 0x26401c00 1739  s          java.util.Stack::peek (25 bytes)
Event: 131.983 Thread 0x26401c00 nmethod 1739 0x039d78c8 code [0x039d79e0, 0x039d7d78]
Event: 131.985 Thread 0x26401c00 1740             javax.swing.JComponent::getInsets (23 bytes)
Event: 131.985 Thread 0x26401c00 nmethod 1740 0x039e7008 code [0x039e7110, 0x039e71d8]
Event: 132.019 Thread 0x26401c00 1741             java.util.Vector::<init> (49 bytes)
Event: 132.020 Thread 0x26401c00 nmethod 1741 0x039e7288 code [0x039e73c0, 0x039e76d0]
Event: 132.020 Thread 0x26401c00 1742             javax.swing.text.View::getStartOffset (10 bytes)
Event: 132.020 Thread 0x26401c00 nmethod 1742 0x039e78c8 code [0x039e79d0, 0x039e7a6c]

GC Heap History (10 events):
Event: 3.105 GC heap before
{Heap before GC invocations=0 (full 0):
 def new generation   total 39296K, used 34944K [0x05800000, 0x082a0000, 0x102a0000)
  eden space 34944K, 100% used [0x05800000, 0x07a20000, 0x07a20000)
  from space 4352K,   0% used [0x07a20000, 0x07a20000, 0x07e60000)
  to   space 4352K,   0% used [0x07e60000, 0x07e60000, 0x082a0000)
 tenured generation   total 87424K, used 0K [0x102a0000, 0x15800000, 0x25800000)
   the space 87424K,   0% used [0x102a0000, 0x102a0000, 0x102a0200, 0x15800000)
 Metaspace       used 9894K, capacity 10088K, committed 10112K, reserved 10624K
Event: 3.138 GC heap after
Heap after GC invocations=1 (full 0):
 def new generation   total 39296K, used 4352K [0x05800000, 0x082a0000, 0x102a0000)
  eden space 34944K,   0% used [0x05800000, 0x05800000, 0x07a20000)
  from space 4352K, 100% used [0x07e60000, 0x082a0000, 0x082a0000)
  to   space 4352K,   0% used [0x07a20000, 0x07a20000, 0x07e60000)
 tenured generation   total 87424K, used 2719K [0x102a0000, 0x15800000, 0x25800000)
   the space 87424K,   3% used [0x102a0000, 0x10547e00, 0x10547e00, 0x15800000)
 Metaspace       used 9894K, capacity 10088K, committed 10112K, reserved 10624K
}
Event: 4.648 GC heap before
{Heap before GC invocations=1 (full 0):
 def new generation   total 39296K, used 39296K [0x05800000, 0x082a0000, 0x102a0000)
  eden space 34944K, 100% used [0x05800000, 0x07a20000, 0x07a20000)
  from space 4352K, 100% used [0x07e60000, 0x082a0000, 0x082a0000)
  to   space 4352K,   0% used [0x07a20000, 0x07a20000, 0x07e60000)
 tenured generation   total 87424K, used 2719K [0x102a0000, 0x15800000, 0x25800000)
   the space 87424K,   3% used [0x102a0000, 0x10547e00, 0x10547e00, 0x15800000)
 Metaspace       used 11484K, capacity 11828K, committed 11904K, reserved 12672K
Event: 4.701 GC heap after
Heap after GC invocations=2 (full 0):
 def new generation   total 39296K, used 4352K [0x05800000, 0x082a0000, 0x102a0000)
  eden space 34944K,   0% used [0x05800000, 0x05800000, 0x07a20000)
  from space 4352K, 100% used [0x07a20000, 0x07e60000, 0x07e60000)
  to   space 4352K,   0% used [0x07e60000, 0x07e60000, 0x082a0000)
 tenured generation   total 87424K, used 7948K [0x102a0000, 0x15800000, 0x25800000)
   the space 87424K,   9% used [0x102a0000, 0x10a63380, 0x10a63400, 0x15800000)
 Metaspace       used 11484K, capacity 11828K, committed 11904K, reserved 12672K
}
Event: 4.906 GC heap before
{Heap before GC invocations=2 (full 0):
 def new generation   total 39296K, used 9544K [0x05800000, 0x082a0000, 0x102a0000)
  eden space 34944K,  14% used [0x05800000, 0x05d123b0, 0x07a20000)
  from space 4352K, 100% used [0x07a20000, 0x07e60000, 0x07e60000)
  to   space 4352K,   0% used [0x07e60000, 0x07e60000, 0x082a0000)
 tenured generation   total 87424K, used 7948K [0x102a0000, 0x15800000, 0x25800000)
   the space 87424K,   9% used [0x102a0000, 0x10a63380, 0x10a63400, 0x15800000)
 Metaspace       used 11922K, capacity 12254K, committed 12288K, reserved 12672K
Event: 4.988 GC heap after
Heap after GC invocations=3 (full 1):
 def new generation   total 39424K, used 0K [0x05800000, 0x082c0000, 0x102a0000)
  eden space 35072K,   0% used [0x05800000, 0x05800000, 0x07a40000)
  from space 4352K,   0% used [0x07a40000, 0x07a40000, 0x07e80000)
  to   space 4352K,   0% used [0x07e80000, 0x07e80000, 0x082c0000)
 tenured generation   total 87424K, used 12793K [0x102a0000, 0x15800000, 0x25800000)
   the space 87424K,  14% used [0x102a0000, 0x10f1e640, 0x10f1e800, 0x15800000)
 Metaspace       used 11922K, capacity 12254K, committed 12288K, reserved 12672K
}
Event: 7.992 GC heap before
{Heap before GC invocations=3 (full 1):
 def new generation   total 39424K, used 35072K [0x05800000, 0x082c0000, 0x102a0000)
  eden space 35072K, 100% used [0x05800000, 0x07a40000, 0x07a40000)
  from space 4352K,   0% used [0x07a40000, 0x07a40000, 0x07e80000)
  to   space 4352K,   0% used [0x07e80000, 0x07e80000, 0x082c0000)
 tenured generation   total 87424K, used 12793K [0x102a0000, 0x15800000, 0x25800000)
   the space 87424K,  14% used [0x102a0000, 0x10f1e640, 0x10f1e800, 0x15800000)
 Metaspace       used 16055K, capacity 16410K, committed 16512K, reserved 16768K
Event: 8.020 GC heap after
Heap after GC invocations=4 (full 1):
 def new generation   total 39424K, used 4352K [0x05800000, 0x082c0000, 0x102a0000)
  eden space 35072K,   0% used [0x05800000, 0x05800000, 0x07a40000)
  from space 4352K, 100% used [0x07e80000, 0x082c0000, 0x082c0000)
  to   space 4352K,   0% used [0x07a40000, 0x07a40000, 0x07e80000)
 tenured generation   total 87424K, used 14672K [0x102a0000, 0x15800000, 0x25800000)
   the space 87424K,  16% used [0x102a0000, 0x110f4118, 0x110f4200, 0x15800000)
 Metaspace       used 16055K, capacity 16410K, committed 16512K, reserved 16768K
}
Event: 131.916 GC heap before
{Heap before GC invocations=4 (full 1):
 def new generation   total 39424K, used 39424K [0x05800000, 0x082c0000, 0x102a0000)
  eden space 35072K, 100% used [0x05800000, 0x07a40000, 0x07a40000)
  from space 4352K, 100% used [0x07e80000, 0x082c0000, 0x082c0000)
  to   space 4352K,   0% used [0x07a40000, 0x07a40000, 0x07e80000)
 tenured generation   total 87424K, used 14676K [0x102a0000, 0x15800000, 0x25800000)
   the space 87424K,  16% used [0x102a0000, 0x110f5140, 0x110f5200, 0x15800000)
 Metaspace       used 17765K, capacity 18226K, committed 18304K, reserved 18816K
Event: 131.955 GC heap after
Heap after GC invocations=5 (full 1):
 def new generation   total 39424K, used 3845K [0x05800000, 0x082c0000, 0x102a0000)
  eden space 35072K,   0% used [0x05800000, 0x05800000, 0x07a40000)
  from space 4352K,  88% used [0x07a40000, 0x07e01558, 0x07e80000)
  to   space 4352K,   0% used [0x07e80000, 0x07e80000, 0x082c0000)
 tenured generation   total 87424K, used 17434K [0x102a0000, 0x15800000, 0x25800000)
   the space 87424K,  19% used [0x102a0000, 0x113a6a90, 0x113a6c00, 0x15800000)
 Metaspace       used 17765K, capacity 18226K, committed 18304K, reserved 18816K
}

Deoptimization events (0 events):
No events

Internal exceptions (10 events):
Event: 131.910 Thread 0x29882800 Exception <a 'java/io/IOException'> (0x079f63f0) thrown at [C:\workspace\8-2-build-windows-i586-cygwin\jdk8u92\6642\hotspot\src\share\vm\prims\jni.cpp, line 709]
Event: 131.911 Thread 0x29882800 Exception <a 'java/io/IOException'> (0x07a33170) thrown at [C:\workspace\8-2-build-windows-i586-cygwin\jdk8u92\6642\hotspot\src\share\vm\prims\jni.cpp, line 709]
Event: 131.911 Thread 0x29882800 Exception <a 'java/io/IOException'> (0x07a33510) thrown at [C:\workspace\8-2-build-windows-i586-cygwin\jdk8u92\6642\hotspot\src\share\vm\prims\jni.cpp, line 709]
Event: 131.911 Thread 0x29882800 Exception <a 'java/io/IOException'> (0x07a33758) thrown at [C:\workspace\8-2-build-windows-i586-cygwin\jdk8u92\6642\hotspot\src\share\vm\prims\jni.cpp, line 709]
Event: 131.912 Thread 0x29882800 Exception <a 'java/io/IOException'> (0x07a36808) thrown at [C:\workspace\8-2-build-windows-i586-cygwin\jdk8u92\6642\hotspot\src\share\vm\prims\jni.cpp, line 709]
Event: 131.912 Thread 0x29882800 Exception <a 'java/io/IOException'> (0x07a36ba8) thrown at [C:\workspace\8-2-build-windows-i586-cygwin\jdk8u92\6642\hotspot\src\share\vm\prims\jni.cpp, line 709]
Event: 131.912 Thread 0x29882800 Exception <a 'java/io/IOException'> (0x07a36df0) thrown at [C:\workspace\8-2-build-windows-i586-cygwin\jdk8u92\6642\hotspot\src\share\vm\prims\jni.cpp, line 709]
Event: 132.014 Thread 0x29882800 Exception <a 'java/io/IOException'> (0x05864f20) thrown at [C:\workspace\8-2-build-windows-i586-cygwin\jdk8u92\6642\hotspot\src\share\vm\prims\jni.cpp, line 709]
Event: 132.014 Thread 0x29882800 Exception <a 'java/io/IOException'> (0x058652e0) thrown at [C:\workspace\8-2-build-windows-i586-cygwin\jdk8u92\6642\hotspot\src\share\vm\prims\jni.cpp, line 709]
Event: 132.015 Thread 0x29882800 Exception <a 'java/io/IOException'> (0x05865528) thrown at [C:\workspace\8-2-build-windows-i586-cygwin\jdk8u92\6642\hotspot\src\share\vm\prims\jni.cpp, line 709]

Events (10 events):
Event: 132.012 loading class java/util/TreeMap$PrivateEntryIterator done
Event: 132.012 loading class java/util/TreeMap$KeyIterator done
Event: 132.015 loading class jssc/SerialPort
Event: 132.015 loading class jssc/SerialPort done
Event: 132.029 loading class jssc/SerialPort$EventThread
Event: 132.029 loading class jssc/SerialPort$EventThread done
Event: 132.031 loading class jssc/SerialPort$LinuxEventThread
Event: 132.031 loading class jssc/SerialPort$LinuxEventThread done
Event: 132.032 loading class jssc/SerialPortTimeoutException
Event: 132.032 loading class jssc/SerialPortTimeoutException done


Dynamic libraries:
0x01100000 - 0x01133000 	H:\Program Files (x86)\Arduino\java\bin\javaw.exe
0x77670000 - 0x777f2000 	C:\WINDOWS\SYSTEM32\ntdll.dll
0x74c50000 - 0x74d30000 	C:\WINDOWS\System32\KERNEL32.DLL
0x746a0000 - 0x74841000 	C:\WINDOWS\System32\KERNELBASE.dll
0x6a010000 - 0x6a0a2000 	C:\WINDOWS\system32\apphelp.dll
0x51d70000 - 0x51fe7000 	C:\WINDOWS\AppPatch\AcLayers.DLL
0x758e0000 - 0x7599e000 	C:\WINDOWS\System32\msvcrt.dll
0x74af0000 - 0x74c4f000 	C:\WINDOWS\System32\USER32.dll
0x74ad0000 - 0x74ae5000 	C:\WINDOWS\System32\win32u.dll
0x75ea0000 - 0x75ecb000 	C:\WINDOWS\System32\GDI32.dll
0x75ed0000 - 0x7602b000 	C:\WINDOWS\System32\gdi32full.dll
0x76070000 - 0x77447000 	C:\WINDOWS\System32\SHELL32.dll
0x75cd0000 - 0x75d06000 	C:\WINDOWS\System32\cfgmgr32.dll
0x74130000 - 0x7469e000 	C:\WINDOWS\System32\windows.storage.dll
0x74850000 - 0x74a61000 	C:\WINDOWS\System32\combase.dll
0x75800000 - 0x758e0000 	C:\WINDOWS\System32\ucrtbase.dll
0x75da0000 - 0x75e61000 	C:\WINDOWS\System32\RPCRT4.dll
0x74110000 - 0x7412e000 	C:\WINDOWS\System32\SspiCli.dll
0x74100000 - 0x7410a000 	C:\WINDOWS\System32\CRYPTBASE.dll
0x75070000 - 0x750ca000 	C:\WINDOWS\System32\bcryptPrimitives.dll
0x75a30000 - 0x75a71000 	C:\WINDOWS\System32\sechost.dll
0x74e30000 - 0x74e75000 	C:\WINDOWS\System32\powrprof.dll
0x75a80000 - 0x75af7000 	C:\WINDOWS\System32\advapi32.dll
0x75020000 - 0x75066000 	C:\WINDOWS\System32\shlwapi.dll
0x76030000 - 0x7603d000 	C:\WINDOWS\System32\kernel.appcore.dll
0x75c40000 - 0x75cc8000 	C:\WINDOWS\System32\shcore.dll
0x75750000 - 0x7575f000 	C:\WINDOWS\System32\profapi.dll
0x75760000 - 0x757f4000 	C:\WINDOWS\System32\OLEAUT32.dll
0x75d10000 - 0x75d8b000 	C:\WINDOWS\System32\msvcp_win.dll
0x751c0000 - 0x755cb000 	C:\WINDOWS\System32\SETUPAPI.dll
0x72eb0000 - 0x72ec6000 	C:\WINDOWS\SYSTEM32\MPR.dll
0x00350000 - 0x00353000 	C:\WINDOWS\SYSTEM32\sfc.dll
0x74080000 - 0x740ea000 	C:\WINDOWS\SYSTEM32\WINSPOOL.DRV
0x74060000 - 0x7407b000 	C:\WINDOWS\SYSTEM32\bcrypt.dll
0x72f50000 - 0x72f5f000 	C:\WINDOWS\SYSTEM32\sfc_os.DLL
0x5b200000 - 0x5b20e000 	C:\WINDOWS\SYSTEM32\SortServer2003Compat.dll
0x75e70000 - 0x75e95000 	C:\WINDOWS\System32\IMM32.DLL
0x6a5f0000 - 0x6a7fa000 	C:\WINDOWS\WinSxS\x86_microsoft.windows.common-controls_6595b64144ccf1df_6.0.14393.0_none_74bc87d3d22d9abe\COMCTL32.dll
0x51cb0000 - 0x51d6f000 	H:\Program Files (x86)\Arduino\java\bin\msvcr100.dll
0x518e0000 - 0x51cab000 	H:\Program Files (x86)\Arduino\java\bin\client\jvm.dll
0x76040000 - 0x76046000 	C:\WINDOWS\System32\PSAPI.DLL
0x73af0000 - 0x73af8000 	C:\WINDOWS\SYSTEM32\WSOCK32.dll
0x73ee0000 - 0x73f04000 	C:\WINDOWS\SYSTEM32\WINMM.dll
0x77600000 - 0x77663000 	C:\WINDOWS\System32\WS2_32.dll
0x740f0000 - 0x740f8000 	C:\WINDOWS\SYSTEM32\VERSION.dll
0x73dc0000 - 0x73de3000 	C:\WINDOWS\SYSTEM32\WINMMBASE.dll
0x550b0000 - 0x550e1000 	H:\Program Files (x86)\Arduino\java\bin\splashscreen.dll
0x73a70000 - 0x73ae5000 	C:\WINDOWS\system32\uxtheme.dll
0x75b00000 - 0x75c36000 	C:\WINDOWS\System32\MSCTF.dll
0x5b090000 - 0x5b09c000 	H:\Program Files (x86)\Arduino\java\bin\verify.dll
0x55080000 - 0x550a1000 	H:\Program Files (x86)\Arduino\java\bin\java.dll
0x6bee0000 - 0x6beff000 	C:\WINDOWS\SYSTEM32\dwmapi.dll
0x518c0000 - 0x518d3000 	H:\Program Files (x86)\Arduino\java\bin\zip.dll
0x51770000 - 0x518b5000 	H:\Program Files (x86)\Arduino\java\bin\awt.dll
0x750d0000 - 0x751ba000 	C:\WINDOWS\System32\ole32.dll
0x51750000 - 0x51766000 	H:\Program Files (x86)\Arduino\java\bin\net.dll
0x73520000 - 0x7356e000 	C:\WINDOWS\system32\mswsock.dll
0x73be0000 - 0x73c0f000 	C:\WINDOWS\SYSTEM32\IPHLPAPI.DLL
0x74ac0000 - 0x74ac7000 	C:\WINDOWS\System32\NSI.dll
0x61740000 - 0x6176c000 	H:\Program Files (x86)\Arduino\lib\listSerialsj.dll
0x6c480000 - 0x6c493000 	C:\WINDOWS\SYSTEM32\dhcpcsvc6.DLL
0x6c460000 - 0x6c474000 	C:\WINDOWS\SYSTEM32\dhcpcsvc.DLL
0x716a0000 - 0x716b3000 	C:\WINDOWS\SYSTEM32\CRYPTSP.dll
0x71670000 - 0x7169f000 	C:\WINDOWS\system32\rsaenh.dll
0x73b10000 - 0x73b2a000 	C:\WINDOWS\SYSTEM32\USERENV.dll
0x5b080000 - 0x5b08f000 	H:\Program Files (x86)\Arduino\java\bin\nio.dll
0x2ac40000 - 0x2ac7d000 	C:\Users\gatzaraki\AppData\Local\Temp\jna--773262642\jna1369857233478329486.dll
0x51710000 - 0x51749000 	H:\Program Files (x86)\Arduino\java\bin\fontmanager.dll
0x516d0000 - 0x51702000 	H:\Program Files (x86)\Arduino\java\bin\t2k.dll
0x72ed0000 - 0x72f4c000 	C:\WINDOWS\SYSTEM32\DNSAPI.dll
0x6c5a0000 - 0x6c5c1000 	C:\Program Files (x86)\Bonjour\mdnsNSP.dll
0x6b9f0000 - 0x6b9f8000 	C:\Windows\System32\rasadhlp.dll
0x6b4c0000 - 0x6b509000 	C:\WINDOWS\System32\fwpuclnt.dll
0x74000000 - 0x74022000 	C:\WINDOWS\SYSTEM32\DEVOBJ.dll
0x74a70000 - 0x74ab4000 	C:\WINDOWS\System32\WINTRUST.dll
0x75d90000 - 0x75d9e000 	C:\WINDOWS\System32\MSASN1.dll
0x755d0000 - 0x7574d000 	C:\WINDOWS\System32\CRYPT32.dll
0x51660000 - 0x516c9000 	H:\Program Files (x86)\Arduino\msvcp100.dll
0x515a0000 - 0x5165e000 	H:\Program Files (x86)\Arduino\msvcr100.dll
0x2c710000 - 0x2c742000 	H:\Program Files (x86)\Arduino\lib\AStylej.dll
0x51570000 - 0x51594000 	H:\Program Files (x86)\Arduino\java\bin\dcpr.dll
0x759a0000 - 0x75a24000 	C:\WINDOWS\System32\clbcatq.dll
0x67d60000 - 0x67ece000 	C:\WINDOWS\SYSTEM32\WindowsCodecs.dll
0x62670000 - 0x626b4000 	C:\WINDOWS\system32\dataexchange.dll
0x62550000 - 0x62663000 	C:\WINDOWS\system32\dcomp.dll
0x66360000 - 0x66590000 	C:\WINDOWS\system32\d3d11.dll
0x662d0000 - 0x66354000 	C:\WINDOWS\system32\dxgi.dll
0x62450000 - 0x62541000 	C:\WINDOWS\system32\twinapi.appcore.dll
0x64000000 - 0x6401b000 	C:\Users\gatzaraki\.jssc\windows\jSSC-2.8_x86.dll
0x6afc0000 - 0x6b105000 	C:\WINDOWS\SYSTEM32\dbghelp.dll

VM Arguments:
jvm_args: -Dsun.java2d.d3d=false -Djna.nosys=true -DAPP_DIR=H:\Program Files (x86)\Arduino -Xms128M -Xmx512M 
java_command: processing.app.Base H:\Projects\kaimana\KaimanaGeneric\Vanilla\LED30\LED30.ino
java_class_path (initial): H:\Program Files (x86)\Arduino\lib\apple.jar;H:\Program Files (x86)\Arduino\lib\arduino-core.jar;H:\Program Files (x86)\Arduino\lib\batik-1.8.jar;H:\Program Files (x86)\Arduino\lib\batik-anim-1.8.jar;H:\Program Files (x86)\Arduino\lib\batik-awt-util-1.8.jar;H:\Program Files (x86)\Arduino\lib\batik-bridge-1.8.jar;H:\Program Files (x86)\Arduino\lib\batik-codec-1.8.jar;H:\Program Files (x86)\Arduino\lib\batik-css-1.8.jar;H:\Program Files (x86)\Arduino\lib\batik-dom-1.8.jar;H:\Program Files (x86)\Arduino\lib\batik-ext-1.8.jar;H:\Program Files (x86)\Arduino\lib\batik-gvt-1.8.jar;H:\Program Files (x86)\Arduino\lib\batik-parser-1.8.jar;H:\Program Files (x86)\Arduino\lib\batik-rasterizer-1.8.jar;H:\Program Files (x86)\Arduino\lib\batik-script-1.8.jar;H:\Program Files (x86)\Arduino\lib\batik-squiggle-1.8.jar;H:\Program Files (x86)\Arduino\lib\batik-svg-dom-1.8.jar;H:\Program Files (x86)\Arduino\lib\batik-svgpp-1.8.jar;H:\Program Files (x86)\Arduino\lib\batik-transcoder-1.8.jar;H:\Program Files (x86)\Arduino\lib\batik-util-1.8.jar;H:\Program Files (x86)\Arduino\lib\batik-xml-1.8.jar;H:\Program Files (x86)\Arduino\lib\bcpg-jdk15on-152.jar;H:\Program Files (x86)\Arduino\lib\bcprov-jdk15on-152.jar;H:\Program Files (x86)\Arduino\lib\commons-codec-1.7.jar;H:\Program Files (x86)\Arduino\lib\commons-compress-1.8.jar;H:\Program Files (x86)\Arduino\lib\commons-exec-1.1.jar;H:\Program Files (x86)\Arduino\lib\commons-httpclient-3.1.jar;H:\Program Files (x86)\Arduino\lib\commons-lang3-3.3.2.jar;H:\Program Files (x86)\Arduino\lib\commons-logging-1.0.4.jar;H:\Program Files (x86)\Arduino\lib\commons-net-3.3.jar;H:\Program Files (x86)\Arduino\lib\jackson-annotations-2.6.3.jar;H:\Program Files (x86)\Arduino\lib\jackson-core-2.6.3.jar;H:\Program Files (x86)\Arduino\lib\jackson-databind-2.6.3.jar;H:\Program Files (x86)\Arduino\lib\jackson-module-mrbean-2.6.3.jar;H:\Program Files (x86)\Arduino\lib\java-semver-0.8.0.jar;H:\Program Files (x86)\Arduino\lib\jmdns-3.4.1.j
Launcher Type: SUN_STANDARD

Environment Variables:
PATH=H:\Python34\Lib\site-packages\PyQt4;C:\Program Files (x86)\Common Files\Microsoft Shared\Windows Live;C:\ProgramData\Oracle\Java\javapath;C:\Program Files (x86)\Intel\iCLS Client\;C:\Program Files\Intel\iCLS Client\;C:\Windows\system32;C:\Windows;C:\Windows\System32\Wbem;C:\Windows\System32\WindowsPowerShell\v1.0\;C:\Program Files\Intel\Intel(R) Management Engine Components\DAL;C:\Program Files (x86)\Intel\Intel(R) Management Engine Components\DAL;C:\Program Files\Intel\Intel(R) Management Engine Components\IPT;C:\Program Files (x86)\Intel\Intel(R) Management Engine Components\IPT;C:\Program Files (x86)\AMD\ATI.ACE\Core-Static;C:\Program Files\Microsoft\Web Platform Installer\;C:\Program Files (x86)\Microsoft ASP.NET\ASP.NET Web Pages\v1.0\;C:\Program Files\Microsoft SQL Server\110\Tools\Binn\;C:\Program Files\WIDCOMM\Bluetooth Software\;C:\Program Files\WIDCOMM\Bluetooth Software\syswow64;C:\Program Files (x86)\Windows Kits\10\Windows Performance Toolkit\;C:\Program Files (x86)\Skype\Phone\;C:\Program Files (x86)\NVIDIA Corporation\PhysX\Common;H:\Program Files (x86)\Livestreamer;C:\WINDOWS\system32;C:\WINDOWS;C:\WINDOWS\System32\Wbem;C:\WINDOWS\System32\WindowsPowerShell\v1.0\;C:\Program Files\Common Files\Microsoft Shared\Windows Live;H:\Program Files (x86)\Microsoft VS Code\bin;C:\Users\gatzaraki\AppData\Local\Microsoft\WindowsApps;H:\Program Files (x86)\Arduino\java\bin
USERNAME=gatzaraki
OS=Windows_NT
PROCESSOR_IDENTIFIER=Intel64 Family 6 Model 60 Stepping 3, GenuineIntel



---------------  S Y S T E M  ---------------

OS: Windows 10.0 , 64 bit Build 14393 (10.0.14393.0)

CPU:total 8 (4 cores per cpu, 2 threads per core) family 6 model 60 stepping 3, cmov, cx8, fxsr, mmx, sse, sse2, sse3, ssse3, sse4.1, sse4.2, popcnt, avx, avx2, aes, clmul, erms, lzcnt, ht, tsc, tscinvbit, bmi1, bmi2

Memory: 4k page, physical 12530656k(7732964k free), swap 25113568k(19748040k free)

vm_info: Java HotSpot(TM) Client VM (25.92-b14) for windows-x86 JRE (1.8.0_92-b14), built on Mar 31 2016 21:09:21 by "java_re" with MS VC++ 10.0 (VS2010)

time: Mon Oct 03 19:01:00 2016
elapsed time: 132 seconds (0d 0h 2m 12s)

