#
# A fatal error has been detected by the Java Runtime Environment:
#
#  EXCEPTION_ACCESS_VIOLATION (0xc0000005) at pc=0x617493cd, pid=5140, tid=0x000005f8
#
# JRE version: Java(TM) SE Runtime Environment (8.0_92-b14) (build 1.8.0_92-b14)
# Java VM: Java HotSpot(TM) Client VM (25.92-b14 mixed mode windows-x86 )
# Problematic frame:
# C  [listSerialsj.dll+0x93cd]
#
# Failed to write core dump. Minidumps are not enabled by default on client versions of Windows
#
# If you would like to submit a bug report, please visit:
#   http://bugreport.java.com/bugreport/crash.jsp
# The crash happened outside the Java Virtual Machine in native code.
# See problematic frame for where to report the bug.
#

---------------  T H R E A D  ---------------

Current thread (0x26431400):  JavaThread "cc.arduino.packages.discoverers.serial.SerialBoardsLister" [_thread_in_native, id=1528, stack(0x27ba0000,0x27bf0000)]

siginfo: ExceptionCode=0xc0000005, writing address 0x00000000

Registers:
EAX=0x00000000, EBX=0x00000a78, ECX=0x00000000, EDX=0x00000001
ESP=0x27beed90, EBP=0x27bef1e8, ESI=0x00000004, EDI=0x0124f518
EIP=0x617493cd, EFLAGS=0x00010246

Top of Stack: (sp=0x27beed90)
0x27beed90:   0139dc58 0000002e 00000002 00000000
0x27beeda0:   00000003 00000000 00000000 00000000
0x27beedb0:   6174c100 0124f600 0000006c 76a286b0
0x27beedc0:   0139e0c0 00fffffe 0124fe28 0000008c
0x27beedd0:   6174da5d 6174dc59 00000056 00000002
0x27beede0:   00000001 0000006c 00000048 0000008e
0x27beedf0:   008eeeb0 00000000 344d4f43 00f96500
0x27beee00:   00425355 01006d65 0124f430 0000008c 

Instructions: (pc=0x617493cd)
0x617493ad:   8b 45 08 8b 90 94 00 00 00 85 d2 74 16 8b 40 2c
0x617493bd:   c7 44 24 04 2e 00 00 00 89 04 24 e8 73 14 00 00
0x617493cd:   c6 00 00 8d 85 04 fc ff ff 89 44 24 18 8d 85 0a
0x617493dd:   fc ff ff 89 44 24 10 a1 e4 01 75 61 c7 85 04 fc 


Register to memory mapping:

EAX=0x00000000 is an unknown value
EBX=0x00000a78 is an unknown value
ECX=0x00000000 is an unknown value
EDX=0x00000001 is an unknown value
ESP=0x27beed90 is pointing into the stack for thread: 0x26431400
EBP=0x27bef1e8 is pointing into the stack for thread: 0x26431400
ESI=0x00000004 is an unknown value
EDI=0x0124f518 is an unknown value


Stack: [0x27ba0000,0x27bf0000],  sp=0x27beed90,  free space=315k
Native frames: (J=compiled Java code, j=interpreted, Vv=VM code, C=native code)
C  [listSerialsj.dll+0x93cd]
C  [listSerialsj.dll+0x2211]

Java frames: (J=compiled Java code, j=interpreted, Vv=VM code)
J 2958  processing.app.Platform.listSerialsNative()[Ljava/lang/String; (0 bytes) @ 0x03367f0f [0x03367ed0+0x3f]
J 2973 C1 cc.arduino.packages.discoverers.serial.SerialBoardsLister.retriggerDiscovery(Z)V (736 bytes) @ 0x0335dd44 [0x0335dbf0+0x154]
J 2975 C1 cc.arduino.packages.discoverers.serial.SerialBoardsLister.run()V (13 bytes) @ 0x0335d694 [0x0335d650+0x44]
J 2901% C1 java.util.TimerThread.mainLoop()V (232 bytes) @ 0x03315b54 [0x03315720+0x434]
j  java.util.TimerThread.run()V+1
v  ~StubRoutines::call_stub

---------------  P R O C E S S  ---------------

Java Threads: ( => current thread )
  0x28c26000 JavaThread "DestroyJavaVM" [_thread_blocked, id=6648, stack(0x02e80000,0x02ed0000)]
  0x26502800 JavaThread "AWT-EventQueue-0" [_thread_blocked, id=7340, stack(0x29c30000,0x29c80000)]
  0x26504000 JavaThread "AWT-Shutdown" [_thread_blocked, id=2376, stack(0x29ba0000,0x29bf0000)]
  0x26502000 JavaThread "TimerQueue" daemon [_thread_blocked, id=3520, stack(0x29a10000,0x29a60000)]
  0x26503000 JavaThread "Batik CleanerThread" daemon [_thread_blocked, id=9080, stack(0x294e0000,0x29530000)]
  0x26503400 JavaThread "JmDNS(DESKTOP-6HE1VFG.local.).Timer" daemon [_thread_blocked, id=8760, stack(0x282f0000,0x28340000)]
  0x26505c00 JavaThread "JmDNS(DESKTOP-6HE1VFG.local.).State.Timer" [_thread_blocked, id=6624, stack(0x28260000,0x282b0000)]
  0x26504c00 JavaThread "JmDNS(DESKTOP-6HE1VFG.local.).Timer" daemon [_thread_blocked, id=2344, stack(0x281d0000,0x28220000)]
  0x26503c00 JavaThread "SocketListener(DESKTOP-6HE1VFG.local.)" daemon [_thread_in_native, id=6784, stack(0x28140000,0x28190000)]
  0x25bf9000 JavaThread "JmDNS(DESKTOP-6HE1VFG.local.).Timer" daemon [_thread_blocked, id=5212, stack(0x280b0000,0x28100000)]
  0x25bf8800 JavaThread "JmDNS(DESKTOP-6HE1VFG.local.).State.Timer" [_thread_blocked, id=6620, stack(0x28020000,0x28070000)]
  0x25bfc000 JavaThread "JmDNS(DESKTOP-6HE1VFG.local.).Timer" daemon [_thread_blocked, id=4088, stack(0x27f90000,0x27fe0000)]
  0x263f6800 JavaThread "SocketListener(DESKTOP-6HE1VFG.local.)" daemon [_thread_in_native, id=1368, stack(0x269e0000,0x26a30000)]
  0x264a9000 JavaThread "cc.arduino.packages.discoverers.network.BoardReachabilityFilter" [_thread_blocked, id=6752, stack(0x27cc0000,0x27d10000)]
  0x26436800 JavaThread "cc.arduino.packages.discoverers.network.NetworkChecker" [_thread_blocked, id=7372, stack(0x27c30000,0x27c80000)]
=>0x26431400 JavaThread "cc.arduino.packages.discoverers.serial.SerialBoardsLister" [_thread_in_native, id=1528, stack(0x27ba0000,0x27bf0000)]
  0x263f7400 JavaThread "AWT-Windows" daemon [_thread_in_native, id=7332, stack(0x26a70000,0x26ac0000)]
  0x263f5c00 JavaThread "Java2D Disposer" daemon [_thread_blocked, id=5704, stack(0x26950000,0x269a0000)]
  0x25b35c00 JavaThread "Service Thread" daemon [_thread_blocked, id=4940, stack(0x26160000,0x261b0000)]
  0x25b1a400 JavaThread "C1 CompilerThread0" daemon [_thread_blocked, id=8244, stack(0x260d0000,0x26120000)]
  0x25b18c00 JavaThread "Attach Listener" daemon [_thread_blocked, id=5876, stack(0x26040000,0x26090000)]
  0x25b16c00 JavaThread "Signal Dispatcher" daemon [_thread_blocked, id=4092, stack(0x25fb0000,0x26000000)]
  0x25afa400 JavaThread "Finalizer" daemon [_thread_blocked, id=7276, stack(0x25db0000,0x25e00000)]
  0x25ae4400 JavaThread "Reference Handler" daemon [_thread_blocked, id=9516, stack(0x25d20000,0x25d70000)]

Other Threads:
  0x02d9d000 VMThread [stack: 0x25740000,0x25790000] [id=9468]
  0x25b13c00 WatcherThread [stack: 0x261f0000,0x26240000] [id=6864]

VM state:not at safepoint (normal execution)

VM Mutex/Monitor currently owned by a thread: None

Heap:
 def new generation   total 39424K, used 3402K [0x05200000, 0x07cc0000, 0x0fca0000)
  eden space 35072K,   4% used [0x05200000, 0x0539a838, 0x07440000)
  from space 4352K,  40% used [0x07440000, 0x075f8128, 0x07880000)
  to   space 4352K,   0% used [0x07880000, 0x07880000, 0x07cc0000)
 tenured generation   total 87424K, used 27835K [0x0fca0000, 0x15200000, 0x25200000)
   the space 87424K,  31% used [0x0fca0000, 0x117cee68, 0x117cf000, 0x15200000)
 Metaspace       used 19342K, capacity 19814K, committed 19840K, reserved 19840K

Card table byte_map: [0x05030000,0x05140000] byte_map_base: 0x05007000

Polling page: 0x01380000

CodeCache: size=32768Kb used=2554Kb max_used=3713Kb free=30213Kb
 bounds [0x03030000, 0x033d8000, 0x05030000]
 total_blobs=1552 nmethods=1272 adapters=209
 compilation: enabled

Compilation events (10 events):
Event: 3587.487 Thread 0x25b1a400 3023             java.util.LinkedList::linkLast (59 bytes)
Event: 3587.488 Thread 0x25b1a400 nmethod 3023 0x03395908 code [0x03395a00, 0x03395b40]
Event: 3593.005 Thread 0x25b1a400 3024             java.util.LinkedList::add (7 bytes)
Event: 3593.006 Thread 0x25b1a400 nmethod 3024 0x031f8b08 code [0x031f8c00, 0x031f8c8c]
Event: 3606.052 Thread 0x25b1a400 3025             javax.jmdns.impl.DNSMessage::<init> (76 bytes)
Event: 3606.054 Thread 0x25b1a400 nmethod 3025 0x0312ab88 code [0x0312aca0, 0x0312b060]
Event: 3622.961 Thread 0x25b1a400 3026             javax.jmdns.impl.HostInfo::getInetAddress (5 bytes)
Event: 3622.962 Thread 0x25b1a400 nmethod 3026 0x031f8948 code [0x031f8a40, 0x031f8ac0]
Event: 3631.239 Thread 0x25b1a400 3027             java.util.AbstractCollection::toArray (70 bytes)
Event: 3631.240 Thread 0x25b1a400 nmethod 3027 0x03394a88 code [0x03394bf0, 0x03394e94]

GC Heap History (10 events):
Event: 163.642 GC heap before
{Heap before GC invocations=4 (full 1):
 def new generation   total 39424K, used 39424K [0x05200000, 0x07cc0000, 0x0fca0000)
  eden space 35072K, 100% used [0x05200000, 0x07440000, 0x07440000)
  from space 4352K, 100% used [0x07880000, 0x07cc0000, 0x07cc0000)
  to   space 4352K,   0% used [0x07440000, 0x07440000, 0x07880000)
 tenured generation   total 87424K, used 15032K [0x0fca0000, 0x15200000, 0x25200000)
   the space 87424K,  17% used [0x0fca0000, 0x10b4e3b0, 0x10b4e400, 0x15200000)
 Metaspace       used 18124K, capacity 18551K, committed 18688K, reserved 18816K
Event: 163.693 GC heap after
Heap after GC invocations=5 (full 1):
 def new generation   total 39424K, used 3426K [0x05200000, 0x07cc0000, 0x0fca0000)
  eden space 35072K,   0% used [0x05200000, 0x05200000, 0x07440000)
  from space 4352K,  78% used [0x07440000, 0x07798be8, 0x07880000)
  to   space 4352K,   0% used [0x07880000, 0x07880000, 0x07cc0000)
 tenured generation   total 87424K, used 25780K [0x0fca0000, 0x15200000, 0x25200000)
   the space 87424K,  29% used [0x0fca0000, 0x115cd338, 0x115cd400, 0x15200000)
 Metaspace       used 18124K, capacity 18551K, committed 18688K, reserved 18816K
}
Event: 212.868 GC heap before
{Heap before GC invocations=5 (full 1):
 def new generation   total 39424K, used 38498K [0x05200000, 0x07cc0000, 0x0fca0000)
  eden space 35072K, 100% used [0x05200000, 0x07440000, 0x07440000)
  from space 4352K,  78% used [0x07440000, 0x07798be8, 0x07880000)
  to   space 4352K,   0% used [0x07880000, 0x07880000, 0x07cc0000)
 tenured generation   total 87424K, used 25780K [0x0fca0000, 0x15200000, 0x25200000)
   the space 87424K,  29% used [0x0fca0000, 0x115cd338, 0x115cd400, 0x15200000)
 Metaspace       used 19222K, capacity 19684K, committed 19712K, reserved 19840K
Event: 212.891 GC heap after
Heap after GC invocations=6 (full 1):
 def new generation   total 39424K, used 1460K [0x05200000, 0x07cc0000, 0x0fca0000)
  eden space 35072K,   0% used [0x05200000, 0x05200000, 0x07440000)
  from space 4352K,  33% used [0x07880000, 0x079ed0f0, 0x07cc0000)
  to   space 4352K,   0% used [0x07440000, 0x07440000, 0x07880000)
 tenured generation   total 87424K, used 27835K [0x0fca0000, 0x15200000, 0x25200000)
   the space 87424K,  31% used [0x0fca0000, 0x117cee68, 0x117cf000, 0x15200000)
 Metaspace       used 19222K, capacity 19684K, committed 19712K, reserved 19840K
}
Event: 693.028 GC heap before
{Heap before GC invocations=6 (full 1):
 def new generation   total 39424K, used 36532K [0x05200000, 0x07cc0000, 0x0fca0000)
  eden space 35072K, 100% used [0x05200000, 0x07440000, 0x07440000)
  from space 4352K,  33% used [0x07880000, 0x079ed0f0, 0x07cc0000)
  to   space 4352K,   0% used [0x07440000, 0x07440000, 0x07880000)
 tenured generation   total 87424K, used 27835K [0x0fca0000, 0x15200000, 0x25200000)
   the space 87424K,  31% used [0x0fca0000, 0x117cee68, 0x117cf000, 0x15200000)
 Metaspace       used 19263K, capacity 19748K, committed 19840K, reserved 19840K
Event: 693.045 GC heap after
Heap after GC invocations=7 (full 1):
 def new generation   total 39424K, used 1727K [0x05200000, 0x07cc0000, 0x0fca0000)
  eden space 35072K,   0% used [0x05200000, 0x05200000, 0x07440000)
  from space 4352K,  39% used [0x07440000, 0x075efed8, 0x07880000)
  to   space 4352K,   0% used [0x07880000, 0x07880000, 0x07cc0000)
 tenured generation   total 87424K, used 27835K [0x0fca0000, 0x15200000, 0x25200000)
   the space 87424K,  31% used [0x0fca0000, 0x117cee68, 0x117cf000, 0x15200000)
 Metaspace       used 19263K, capacity 19748K, committed 19840K, reserved 19840K
}
Event: 1268.823 GC heap before
{Heap before GC invocations=7 (full 1):
 def new generation   total 39424K, used 36799K [0x05200000, 0x07cc0000, 0x0fca0000)
  eden space 35072K, 100% used [0x05200000, 0x07440000, 0x07440000)
  from space 4352K,  39% used [0x07440000, 0x075efed8, 0x07880000)
  to   space 4352K,   0% used [0x07880000, 0x07880000, 0x07cc0000)
 tenured generation   total 87424K, used 27835K [0x0fca0000, 0x15200000, 0x25200000)
   the space 87424K,  31% used [0x0fca0000, 0x117cee68, 0x117cf000, 0x15200000)
 Metaspace       used 19342K, capacity 19814K, committed 19840K, reserved 19840K
Event: 1268.839 GC heap after
Heap after GC invocations=8 (full 1):
 def new generation   total 39424K, used 1992K [0x05200000, 0x07cc0000, 0x0fca0000)
  eden space 35072K,   0% used [0x05200000, 0x05200000, 0x07440000)
  from space 4352K,  45% used [0x07880000, 0x07a72120, 0x07cc0000)
  to   space 4352K,   0% used [0x07440000, 0x07440000, 0x07880000)
 tenured generation   total 87424K, used 27835K [0x0fca0000, 0x15200000, 0x25200000)
   the space 87424K,  31% used [0x0fca0000, 0x117cee68, 0x117cf000, 0x15200000)
 Metaspace       used 19342K, capacity 19814K, committed 19840K, reserved 19840K
}
Event: 3536.729 GC heap before
{Heap before GC invocations=8 (full 1):
 def new generation   total 39424K, used 37064K [0x05200000, 0x07cc0000, 0x0fca0000)
  eden space 35072K, 100% used [0x05200000, 0x07440000, 0x07440000)
  from space 4352K,  45% used [0x07880000, 0x07a72120, 0x07cc0000)
  to   space 4352K,   0% used [0x07440000, 0x07440000, 0x07880000)
 tenured generation   total 87424K, used 27835K [0x0fca0000, 0x15200000, 0x25200000)
   the space 87424K,  31% used [0x0fca0000, 0x117cee68, 0x117cf000, 0x15200000)
 Metaspace       used 19342K, capacity 19814K, committed 19840K, reserved 19840K
Event: 3536.742 GC heap after
Heap after GC invocations=9 (full 1):
 def new generation   total 39424K, used 1760K [0x05200000, 0x07cc0000, 0x0fca0000)
  eden space 35072K,   0% used [0x05200000, 0x05200000, 0x07440000)
  from space 4352K,  40% used [0x07440000, 0x075f8128, 0x07880000)
  to   space 4352K,   0% used [0x07880000, 0x07880000, 0x07cc0000)
 tenured generation   total 87424K, used 27835K [0x0fca0000, 0x15200000, 0x25200000)
   the space 87424K,  31% used [0x0fca0000, 0x117cee68, 0x117cf000, 0x15200000)
 Metaspace       used 19342K, capacity 19814K, committed 19840K, reserved 19840K
}

Deoptimization events (0 events):
No events

Internal exceptions (10 events):
Event: 731.411 Thread 0x28c25c00 Exception <a 'sun/nio/fs/WindowsException'> (0x063116f8) thrown at [C:\workspace\8-2-build-windows-i586-cygwin\jdk8u92\6642\hotspot\src\share\vm\prims\jni.cpp, line 709]
Event: 731.411 Thread 0x28c25c00 Exception <a 'sun/nio/fs/WindowsException'> (0x06311d18) thrown at [C:\workspace\8-2-build-windows-i586-cygwin\jdk8u92\6642\hotspot\src\share\vm\prims\jni.cpp, line 709]
Event: 731.414 Thread 0x28c25c00 Exception <a 'sun/nio/fs/WindowsException'> (0x0631b8f0) thrown at [C:\workspace\8-2-build-windows-i586-cygwin\jdk8u92\6642\hotspot\src\share\vm\prims\jni.cpp, line 709]
Event: 731.414 Thread 0x28c25c00 Exception <a 'sun/nio/fs/WindowsException'> (0x0631bee8) thrown at [C:\workspace\8-2-build-windows-i586-cygwin\jdk8u92\6642\hotspot\src\share\vm\prims\jni.cpp, line 709]
Event: 731.419 Thread 0x28c25c00 Exception <a 'sun/nio/fs/WindowsException'> (0x063263f0) thrown at [C:\workspace\8-2-build-windows-i586-cygwin\jdk8u92\6642\hotspot\src\share\vm\prims\jni.cpp, line 709]
Event: 731.419 Thread 0x28c25c00 Exception <a 'sun/nio/fs/WindowsException'> (0x06326a60) thrown at [C:\workspace\8-2-build-windows-i586-cygwin\jdk8u92\6642\hotspot\src\share\vm\prims\jni.cpp, line 709]
Event: 731.423 Thread 0x28c25c00 Exception <a 'sun/nio/fs/WindowsException'> (0x06330c38) thrown at [C:\workspace\8-2-build-windows-i586-cygwin\jdk8u92\6642\hotspot\src\share\vm\prims\jni.cpp, line 709]
Event: 731.423 Thread 0x28c25c00 Exception <a 'sun/nio/fs/WindowsException'> (0x06331230) thrown at [C:\workspace\8-2-build-windows-i586-cygwin\jdk8u92\6642\hotspot\src\share\vm\prims\jni.cpp, line 709]
Event: 731.426 Thread 0x28c25c00 Exception <a 'sun/nio/fs/WindowsException'> (0x0633b160) thrown at [C:\workspace\8-2-build-windows-i586-cygwin\jdk8u92\6642\hotspot\src\share\vm\prims\jni.cpp, line 709]
Event: 731.426 Thread 0x28c25c00 Exception <a 'sun/nio/fs/WindowsException'> (0x0633b768) thrown at [C:\workspace\8-2-build-windows-i586-cygwin\jdk8u92\6642\hotspot\src\share\vm\prims\jni.cpp, line 709]

Events (10 events):
Event: 3587.489 Thread 0x25b1a400 flushing nmethod 0x03397508
Event: 3587.489 Thread 0x25b1a400 flushing nmethod 0x033986c8
Event: 3587.489 Thread 0x25b1a400 flushing nmethod 0x03398888
Event: 3593.006 Thread 0x25b1a400 flushing nmethod 0x0312aa88
Event: 3622.963 Thread 0x25b1a400 flushing nmethod 0x03398a48
Event: 3622.963 Thread 0x25b1a400 flushing nmethod 0x03398c08
Event: 3622.963 Thread 0x25b1a400 flushing nmethod 0x03398dc8
Event: 3622.963 Thread 0x25b1a400 flushing nmethod 0x03398f88
Event: 3622.963 Thread 0x25b1a400 flushing nmethod 0x033994c8
Event: 3622.963 Thread 0x25b1a400 flushing nmethod 0x03399708


Dynamic libraries:
0x008f0000 - 0x00923000 	C:\Program Files (x86)\Arduino\java\bin\javaw.exe
0x77810000 - 0x77989000 	C:\Windows\SYSTEM32\ntdll.dll
0x76430000 - 0x76520000 	C:\Windows\SYSTEM32\KERNEL32.DLL
0x74cd0000 - 0x74e46000 	C:\Windows\SYSTEM32\KERNELBASE.dll
0x763a0000 - 0x7641b000 	C:\Windows\SYSTEM32\ADVAPI32.dll
0x77280000 - 0x7733e000 	C:\Windows\SYSTEM32\msvcrt.dll
0x74c70000 - 0x74cb3000 	C:\Windows\SYSTEM32\sechost.dll
0x76e20000 - 0x76ecc000 	C:\Windows\SYSTEM32\RPCRT4.dll
0x74920000 - 0x7493e000 	C:\Windows\SYSTEM32\SspiCli.dll
0x74910000 - 0x7491a000 	C:\Windows\SYSTEM32\CRYPTBASE.dll
0x748b0000 - 0x74909000 	C:\Windows\SYSTEM32\bcryptPrimitives.dll
0x77450000 - 0x77590000 	C:\Windows\SYSTEM32\USER32.dll
0x76bb0000 - 0x76cfd000 	C:\Windows\SYSTEM32\GDI32.dll
0x71280000 - 0x71489000 	C:\Windows\WinSxS\x86_microsoft.windows.common-controls_6595b64144ccf1df_6.0.10240.17184_none_3bcab1476bcee5ec\COMCTL32.dll
0x76df0000 - 0x76e1b000 	C:\Windows\SYSTEM32\IMM32.DLL
0x749a0000 - 0x74ac0000 	C:\Windows\SYSTEM32\MSCTF.dll
0x78a30000 - 0x78aef000 	C:\Program Files (x86)\Arduino\java\bin\msvcr100.dll
0x6c1f0000 - 0x6c5bb000 	C:\Program Files (x86)\Arduino\java\bin\client\jvm.dll
0x76d10000 - 0x76d16000 	C:\Windows\SYSTEM32\PSAPI.DLL
0x744d0000 - 0x744d8000 	C:\Windows\SYSTEM32\WSOCK32.dll
0x74940000 - 0x7499b000 	C:\Windows\SYSTEM32\WS2_32.dll
0x76d00000 - 0x76d07000 	C:\Windows\SYSTEM32\NSI.dll
0x747f0000 - 0x74814000 	C:\Windows\SYSTEM32\WINMM.dll
0x74630000 - 0x74638000 	C:\Windows\SYSTEM32\VERSION.dll
0x746d0000 - 0x746f3000 	C:\Windows\SYSTEM32\WINMMBASE.dll
0x74c30000 - 0x74c66000 	C:\Windows\SYSTEM32\cfgmgr32.dll
0x746a0000 - 0x746c1000 	C:\Windows\SYSTEM32\DEVOBJ.dll
0x6fa60000 - 0x6fa91000 	C:\Program Files (x86)\Arduino\java\bin\splashscreen.dll
0x742e0000 - 0x74355000 	C:\Windows\system32\uxtheme.dll
0x770c0000 - 0x7727a000 	C:\Windows\SYSTEM32\combase.dll
0x6f6d0000 - 0x6f6dc000 	C:\Program Files (x86)\Arduino\java\bin\verify.dll
0x6d9b0000 - 0x6d9d1000 	C:\Program Files (x86)\Arduino\java\bin\java.dll
0x6f270000 - 0x6f283000 	C:\Program Files (x86)\Arduino\java\bin\zip.dll
0x74cc0000 - 0x74ccc000 	C:\Windows\SYSTEM32\kernel.appcore.dll
0x74f50000 - 0x7630f000 	C:\Windows\SYSTEM32\SHELL32.dll
0x76520000 - 0x769fc000 	C:\Windows\SYSTEM32\windows.storage.dll
0x76f30000 - 0x76f74000 	C:\Windows\SYSTEM32\shlwapi.dll
0x76310000 - 0x7639d000 	C:\Windows\SYSTEM32\shcore.dll
0x77400000 - 0x77444000 	C:\Windows\SYSTEM32\powrprof.dll
0x76420000 - 0x7642f000 	C:\Windows\SYSTEM32\profapi.dll
0x266e0000 - 0x26825000 	C:\Program Files (x86)\Arduino\java\bin\awt.dll
0x76d50000 - 0x76de5000 	C:\Windows\SYSTEM32\OLEAUT32.dll
0x73b10000 - 0x73ba1000 	C:\Windows\system32\apphelp.dll
0x73bb0000 - 0x73bcd000 	C:\Windows\system32\dwmapi.dll
0x74e50000 - 0x74f3a000 	C:\Windows\SYSTEM32\ole32.dll
0x6ef40000 - 0x6ef56000 	C:\Program Files (x86)\Arduino\java\bin\net.dll
0x71600000 - 0x7164e000 	C:\Windows\system32\mswsock.dll
0x74640000 - 0x74670000 	C:\Windows\SYSTEM32\IPHLPAPI.DLL
0x745f0000 - 0x745f8000 	C:\Windows\SYSTEM32\WINNSI.DLL
0x73000000 - 0x73013000 	C:\Windows\SYSTEM32\dhcpcsvc6.DLL
0x72fe0000 - 0x72ff4000 	C:\Windows\SYSTEM32\dhcpcsvc.DLL
0x61740000 - 0x6176c000 	C:\Program Files (x86)\Arduino\lib\listSerialsj.dll
0x76a00000 - 0x76ba6000 	C:\Windows\SYSTEM32\SETUPAPI.dll
0x73fd0000 - 0x73fe3000 	C:\Windows\SYSTEM32\CRYPTSP.dll
0x74820000 - 0x7483b000 	C:\Windows\SYSTEM32\bcrypt.dll
0x73fa0000 - 0x73fcf000 	C:\Windows\system32\rsaenh.dll
0x74610000 - 0x74629000 	C:\Windows\SYSTEM32\USERENV.dll
0x73460000 - 0x734e4000 	C:\Windows\SYSTEM32\DNSAPI.dll
0x73ec0000 - 0x73ec8000 	C:\Windows\System32\rasadhlp.dll
0x72f90000 - 0x72fd6000 	C:\Windows\System32\fwpuclnt.dll
0x03010000 - 0x0301f000 	C:\Program Files (x86)\Arduino\java\bin\nio.dll
0x28340000 - 0x2837d000 	C:\Users\javie\AppData\Local\Temp\jna-100899707\jna1849499454419385241.dll
0x6d210000 - 0x6d249000 	C:\Program Files (x86)\Arduino\java\bin\fontmanager.dll
0x6f5b0000 - 0x6f5e2000 	C:\Program Files (x86)\Arduino\java\bin\t2k.dll
0x76fe0000 - 0x77022000 	C:\Windows\SYSTEM32\WINTRUST.dll
0x74f40000 - 0x74f4e000 	C:\Windows\SYSTEM32\MSASN1.dll
0x77630000 - 0x777a5000 	C:\Windows\SYSTEM32\CRYPT32.dll
0x77340000 - 0x773a9000 	C:\Program Files (x86)\Arduino\msvcp100.dll
0x78750000 - 0x7880e000 	C:\Program Files (x86)\Arduino\msvcr100.dll
0x02ed0000 - 0x02f02000 	C:\Program Files (x86)\Arduino\lib\AStylej.dll
0x6c950000 - 0x6c974000 	C:\Program Files (x86)\Arduino\java\bin\dcpr.dll
0x77030000 - 0x770b2000 	C:\Windows\SYSTEM32\clbcatq.dll
0x72ab0000 - 0x72c21000 	C:\Windows\SYSTEM32\WindowsCodecs.dll
0x63480000 - 0x634bf000 	C:\Windows\system32\dataexchange.dll
0x62620000 - 0x62aa8000 	C:\Windows\system32\d2d1.dll
0x6ad50000 - 0x6af63000 	C:\Windows\system32\d3d11.dll
0x62ab0000 - 0x62b4c000 	C:\Windows\system32\dcomp.dll
0x73020000 - 0x7309e000 	C:\Windows\system32\dxgi.dll
0x62560000 - 0x6261c000 	C:\Windows\system32\twinapi.appcore.dll
0x64000000 - 0x6401b000 	C:\Users\javie\.jssc\windows\jSSC-2.8_x86.dll
0x6b510000 - 0x6b64f000 	C:\Windows\SYSTEM32\dbghelp.dll

VM Arguments:
jvm_args: -Dsun.java2d.d3d=false -Djna.nosys=true -DAPP_DIR=C:\Program Files (x86)\Arduino -Xms128M -Xmx512M 
java_command: processing.app.Base F:\Projects\kaimana\Kaimana8btn\doublestickMaster\Master\Master.ino
java_class_path (initial): C:\Program Files (x86)\Arduino\lib\apple.jar;C:\Program Files (x86)\Arduino\lib\arduino-core.jar;C:\Program Files (x86)\Arduino\lib\batik-1.8.jar;C:\Program Files (x86)\Arduino\lib\batik-anim-1.8.jar;C:\Program Files (x86)\Arduino\lib\batik-awt-util-1.8.jar;C:\Program Files (x86)\Arduino\lib\batik-bridge-1.8.jar;C:\Program Files (x86)\Arduino\lib\batik-codec-1.8.jar;C:\Program Files (x86)\Arduino\lib\batik-css-1.8.jar;C:\Program Files (x86)\Arduino\lib\batik-dom-1.8.jar;C:\Program Files (x86)\Arduino\lib\batik-ext-1.8.jar;C:\Program Files (x86)\Arduino\lib\batik-gvt-1.8.jar;C:\Program Files (x86)\Arduino\lib\batik-parser-1.8.jar;C:\Program Files (x86)\Arduino\lib\batik-rasterizer-1.8.jar;C:\Program Files (x86)\Arduino\lib\batik-script-1.8.jar;C:\Program Files (x86)\Arduino\lib\batik-squiggle-1.8.jar;C:\Program Files (x86)\Arduino\lib\batik-svg-dom-1.8.jar;C:\Program Files (x86)\Arduino\lib\batik-svgpp-1.8.jar;C:\Program Files (x86)\Arduino\lib\batik-transcoder-1.8.jar;C:\Program Files (x86)\Arduino\lib\batik-util-1.8.jar;C:\Program Files (x86)\Arduino\lib\batik-xml-1.8.jar;C:\Program Files (x86)\Arduino\lib\bcpg-jdk15on-152.jar;C:\Program Files (x86)\Arduino\lib\bcprov-jdk15on-152.jar;C:\Program Files (x86)\Arduino\lib\commons-codec-1.7.jar;C:\Program Files (x86)\Arduino\lib\commons-compress-1.8.jar;C:\Program Files (x86)\Arduino\lib\commons-exec-1.1.jar;C:\Program Files (x86)\Arduino\lib\commons-httpclient-3.1.jar;C:\Program Files (x86)\Arduino\lib\commons-lang3-3.3.2.jar;C:\Program Files (x86)\Arduino\lib\commons-logging-1.0.4.jar;C:\Program Files (x86)\Arduino\lib\commons-net-3.3.jar;C:\Program Files (x86)\Arduino\lib\jackson-annotations-2.6.3.jar;C:\Program Files (x86)\Arduino\lib\jackson-core-2.6.3.jar;C:\Program Files (x86)\Arduino\lib\jackson-databind-2.6.3.jar;C:\Program Files (x86)\Arduino\lib\jackson-module-mrbean-2.6.3.jar;C:\Program Files (x86)\Arduino\lib\java-semver-0.8.0.jar;C:\Program Files (x86)\Arduino\lib\jmdns-3.4.1.j
Launcher Type: SUN_STANDARD

Environment Variables:
PATH=C:\Windows\system32;C:\Windows;C:\Windows\System32\Wbem;C:\Windows\System32\WindowsPowerShell\v1.0\;C:\Program Files (x86)\NVIDIA Corporation\PhysX\Common;C:\Program Files (x86)\Skype\Phone\;C:\Program Files (x86)\Arduino\java\bin
USERNAME=javie
OS=Windows_NT
PROCESSOR_IDENTIFIER=Intel64 Family 6 Model 60 Stepping 3, GenuineIntel



---------------  S Y S T E M  ---------------

OS: Windows 10.0 , 64 bit Build 10240 (10.0.10240.17113)

CPU:total 8 (4 cores per cpu, 2 threads per core) family 6 model 60 stepping 3, cmov, cx8, fxsr, mmx, sse, sse2, sse3, ssse3, sse4.1, sse4.2, popcnt, avx, avx2, aes, clmul, erms, lzcnt, ht, tsc, tscinvbit, bmi1, bmi2

Memory: 4k page, physical 12530656k(6605072k free), swap 15021024k(8083280k free)

vm_info: Java HotSpot(TM) Client VM (25.92-b14) for windows-x86 JRE (1.8.0_92-b14), built on Mar 31 2016 21:09:21 by "java_re" with MS VC++ 10.0 (VS2010)

time: Tue Nov 29 22:16:50 2016
elapsed time: 3633 seconds (0d 1h 0m 33s)

