#
# A fatal error has been detected by the Java Runtime Environment:
#
#  EXCEPTION_ACCESS_VIOLATION (0xc0000005) at pc=0x617493cd, pid=8164, tid=0x000029b4
#
# JRE version: Java(TM) SE Runtime Environment (8.0_92-b14) (build 1.8.0_92-b14)
# Java VM: Java HotSpot(TM) Client VM (25.92-b14 mixed mode windows-x86 )
# Problematic frame:
# C  [listSerialsj.dll+0x93cd]
#
# Failed to write core dump. Minidumps are not enabled by default on client versions of Windows
#
# If you would like to submit a bug report, please visit:
#   http://bugreport.java.com/bugreport/crash.jsp
# The crash happened outside the Java Virtual Machine in native code.
# See problematic frame for where to report the bug.
#

---------------  T H R E A D  ---------------

Current thread (0x2718dc00):  JavaThread "cc.arduino.packages.discoverers.serial.SerialBoardsLister" [_thread_in_native, id=10676, stack(0x29e50000,0x29ea0000)]

siginfo: ExceptionCode=0xc0000005, writing address 0x00000000

Registers:
EAX=0x00000000, EBX=0x000007c0, ECX=0x00000000, EDX=0x00000001
ESP=0x29e9ece0, EBP=0x29e9f138, ESI=0x00000004, EDI=0x00815518
EIP=0x617493cd, EFLAGS=0x00010246

Top of Stack: (sp=0x29e9ece0)
0x29e9ece0:   0050d5e0 0000002e 00000002 00000000
0x29e9ecf0:   00000003 00000000 00000000 00000000
0x29e9ed00:   29e9ecec 00000000 0000006c 7559a540
0x29e9ed10:   2bab9218 00fffffe 281b3c20 00000094
0x29e9ed20:   00000000 00000000 00000066 00000002
0x29e9ed30:   00000001 0000006c 00000056 29e9ee88
0x29e9ed40:   00000000 29e9ee6c 334d4f43 00000000
0x29e9ed50:   00425355 00000001 51245f6a 000000c1 

Instructions: (pc=0x617493cd)
0x617493ad:   8b 45 08 8b 90 94 00 00 00 85 d2 74 16 8b 40 2c
0x617493bd:   c7 44 24 04 2e 00 00 00 89 04 24 e8 73 14 00 00
0x617493cd:   c6 00 00 8d 85 04 fc ff ff 89 44 24 18 8d 85 0a
0x617493dd:   fc ff ff 89 44 24 10 a1 e4 01 75 61 c7 85 04 fc 


Register to memory mapping:

EAX=0x00000000 is an unknown value
EBX=0x000007c0 is an unknown value
ECX=0x00000000 is an unknown value
EDX=0x00000001 is an unknown value
ESP=0x29e9ece0 is pointing into the stack for thread: 0x2718dc00
EBP=0x29e9f138 is pointing into the stack for thread: 0x2718dc00
ESI=0x00000004 is an unknown value
EDI=0x00815518 is an unknown value


Stack: [0x29e50000,0x29ea0000],  sp=0x29e9ece0,  free space=315k
Native frames: (J=compiled Java code, j=interpreted, Vv=VM code, C=native code)
C  [listSerialsj.dll+0x93cd]
C  [listSerialsj.dll+0x2211]

Java frames: (J=compiled Java code, j=interpreted, Vv=VM code)
j  processing.app.Platform.listSerialsNative()[Ljava/lang/String;+0
j  processing.app.Platform.listSerials()Ljava/util/List;+5
j  cc.arduino.packages.discoverers.serial.SerialBoardsLister.retriggerDiscovery(Z)V+22
j  cc.arduino.packages.discoverers.serial.SerialBoardsLister.run()V+9
j  java.util.TimerThread.mainLoop()V+221
j  java.util.TimerThread.run()V+1
v  ~StubRoutines::call_stub

---------------  P R O C E S S  ---------------

Java Threads: ( => current thread )
  0x2ab2ec00 JavaThread "Thread-39" [_thread_blocked, id=13788, stack(0x00560000,0x005b0000)]
  0x2aa7dc00 JavaThread "JmDNS(ZEBES.local.).Timer" daemon [_thread_blocked, id=13644, stack(0x2d3b0000,0x2d400000)]
  0x2ab35400 JavaThread "JmDNS(ZEBES.local.).State.Timer" [_thread_blocked, id=1444, stack(0x2d320000,0x2d370000)]
  0x2ab32800 JavaThread "JmDNS(ZEBES.local.).Timer" daemon [_thread_blocked, id=14096, stack(0x2d290000,0x2d2e0000)]
  0x2ab30c00 JavaThread "SocketListener(ZEBES.local.)" daemon [_thread_in_native, id=13552, stack(0x2d200000,0x2d250000)]
  0x2ab2e000 JavaThread "JmDNS(ZEBES.local.).Timer" daemon [_thread_blocked, id=7404, stack(0x2d070000,0x2d0c0000)]
  0x2ab30800 JavaThread "JmDNS(ZEBES.local.).State.Timer" [_thread_blocked, id=9436, stack(0x2cfe0000,0x2d030000)]
  0x2ab34800 JavaThread "JmDNS(ZEBES.local.).Timer" daemon [_thread_blocked, id=9416, stack(0x2cf50000,0x2cfa0000)]
  0x2ab2e400 JavaThread "SocketListener(ZEBES.local.)" daemon [_thread_in_native, id=14208, stack(0x2bce0000,0x2bd30000)]
  0x2ab2f800 JavaThread "JmDNS(ZEBES.local.).Timer" daemon [_thread_blocked, id=9344, stack(0x2cec0000,0x2cf10000)]
  0x2ab33c00 JavaThread "JmDNS(ZEBES.local.).State.Timer" [_thread_blocked, id=11544, stack(0x2ce30000,0x2ce80000)]
  0x2ab35000 JavaThread "JmDNS(ZEBES.local.).Timer" daemon [_thread_blocked, id=8788, stack(0x2cda0000,0x2cdf0000)]
  0x2ab32000 JavaThread "SocketListener(ZEBES.local.)" daemon [_thread_in_native, id=13088, stack(0x2cd10000,0x2cd60000)]
  0x2ab31400 JavaThread "JmDNS(ZEBES.local.).Timer" daemon [_thread_blocked, id=12136, stack(0x2cc80000,0x2ccd0000)]
  0x2ab32c00 JavaThread "JmDNS(ZEBES.local.).State.Timer" [_thread_blocked, id=12668, stack(0x2c470000,0x2c4c0000)]
  0x2ab2f400 JavaThread "JmDNS(ZEBES.local.).Timer" daemon [_thread_blocked, id=12600, stack(0x28900000,0x28950000)]
  0x2ab33400 JavaThread "SocketListener(ZEBES.local.)" daemon [_thread_in_native, id=9716, stack(0x00ef0000,0x00f40000)]
  0x2ab30000 JavaThread "DestroyJavaVM" [_thread_blocked, id=12956, stack(0x00e30000,0x00e80000)]
  0x2ab31c00 JavaThread "JmDNS(ZEBES.local.).Timer" daemon [_thread_blocked, id=15176, stack(0x2ca40000,0x2ca90000)]
  0x2aa7e400 JavaThread "JmDNS(ZEBES.local.).State.Timer" [_thread_blocked, id=11336, stack(0x2c9b0000,0x2ca00000)]
  0x2aa81400 JavaThread "JmDNS(ZEBES.local.).Timer" daemon [_thread_blocked, id=14236, stack(0x2c920000,0x2c970000)]
  0x2aa80400 JavaThread "SocketListener(ZEBES.local.)" daemon [_thread_in_native, id=2932, stack(0x2c890000,0x2c8e0000)]
  0x2aa7ec00 JavaThread "AWT-EventQueue-0" [_thread_blocked, id=6416, stack(0x2c3e0000,0x2c430000)]
  0x2aa80c00 JavaThread "AWT-Shutdown" [_thread_blocked, id=6476, stack(0x2c350000,0x2c3a0000)]
  0x2aa80000 JavaThread "TimerQueue" daemon [_thread_blocked, id=11344, stack(0x2bdb0000,0x2be00000)]
  0x2aa7f000 JavaThread "Batik CleanerThread" daemon [_thread_blocked, id=9348, stack(0x28b40000,0x28b90000)]
  0x27a72800 JavaThread "JmDNS(ZEBES.local.).Timer" daemon [_thread_blocked, id=6784, stack(0x2b950000,0x2b9a0000)]
  0x27b63800 JavaThread "JmDNS(ZEBES.local.).State.Timer" [_thread_blocked, id=15068, stack(0x2b900000,0x2b950000)]
  0x27d51400 JavaThread "JmDNS(ZEBES.local.).Timer" daemon [_thread_blocked, id=9908, stack(0x28ab0000,0x28b00000)]
  0x27120000 JavaThread "SocketListener(ZEBES.local.)" daemon [_thread_in_native, id=8924, stack(0x27470000,0x274c0000)]
  0x271a5c00 JavaThread "cc.arduino.packages.discoverers.network.BoardReachabilityFilter" [_thread_blocked, id=9108, stack(0x275b0000,0x27600000)]
  0x27192800 JavaThread "cc.arduino.packages.discoverers.network.NetworkChecker" [_thread_in_native, id=15216, stack(0x29ee0000,0x29f30000)]
=>0x2718dc00 JavaThread "cc.arduino.packages.discoverers.serial.SerialBoardsLister" [_thread_in_native, id=10676, stack(0x29e50000,0x29ea0000)]
  0x27149000 JavaThread "AWT-Windows" daemon [_thread_in_native, id=7852, stack(0x27500000,0x27550000)]
  0x2713fc00 JavaThread "Java2D Disposer" daemon [_thread_blocked, id=12164, stack(0x273e0000,0x27430000)]
  0x269ea400 JavaThread "Service Thread" daemon [_thread_blocked, id=4476, stack(0x26dd0000,0x26e20000)]
  0x269c0400 JavaThread "C1 CompilerThread0" daemon [_thread_blocked, id=7192, stack(0x26d40000,0x26d90000)]
  0x269bf000 JavaThread "Attach Listener" daemon [_thread_blocked, id=4332, stack(0x26cb0000,0x26d00000)]
  0x269bd000 JavaThread "Signal Dispatcher" daemon [_thread_blocked, id=8492, stack(0x26c20000,0x26c70000)]
  0x26978c00 JavaThread "Finalizer" daemon [_thread_blocked, id=12560, stack(0x26490000,0x264e0000)]
  0x26972800 JavaThread "Reference Handler" daemon [_thread_blocked, id=13512, stack(0x26400000,0x26450000)]

Other Threads:
  0x26957400 VMThread [stack: 0x26370000,0x263c0000] [id=2356]
  0x269d1400 WatcherThread [stack: 0x26e60000,0x26eb0000] [id=12860]

VM state:not at safepoint (normal execution)

VM Mutex/Monitor currently owned by a thread: None

Heap:
 def new generation   total 39424K, used 1903K [0x05e00000, 0x088c0000, 0x108a0000)
  eden space 35072K,   2% used [0x05e00000, 0x05eb81b0, 0x08040000)
  from space 4352K,  26% used [0x08480000, 0x085a3cb8, 0x088c0000)
  to   space 4352K,   0% used [0x08040000, 0x08040000, 0x08480000)
 tenured generation   total 87424K, used 26549K [0x108a0000, 0x15e00000, 0x25e00000)
   the space 87424K,  30% used [0x108a0000, 0x1228d408, 0x1228d600, 0x15e00000)
 Metaspace       used 17960K, capacity 18421K, committed 18432K, reserved 18816K

Card table byte_map: [0x25e00000,0x25f10000] byte_map_base: 0x25dd1000

Polling page: 0x00cf0000

CodeCache: size=32768Kb used=3694Kb max_used=3694Kb free=29073Kb
 bounds [0x03d10000, 0x040b0000, 0x05d10000]
 total_blobs=2357 nmethods=2083 adapters=204
 compilation: enabled

Compilation events (10 events):
Event: 536.159 Thread 0x269c0400 2105             javax.swing.DefaultBoundedRangeModel::getValue (5 bytes)
Event: 536.160 Thread 0x269c0400 nmethod 2105 0x040aa748 code [0x040aa840, 0x040aa8c0]
Event: 536.319 Thread 0x269c0400 2106             javax.swing.text.ParagraphView::access$000 (5 bytes)
Event: 536.319 Thread 0x269c0400 nmethod 2106 0x040aa908 code [0x040aaa00, 0x040aaa70]
Event: 536.631 Thread 0x269c0400 2107   !         java.io.BufferedWriter::write (117 bytes)
Event: 536.633 Thread 0x269c0400 nmethod 2107 0x040aaac8 code [0x040aac00, 0x040aaf34]
Event: 536.909 Thread 0x269c0400 2108             javax.swing.text.ParagraphView$Row::isJustifyEnabled (70 bytes)
Event: 536.911 Thread 0x269c0400 nmethod 2108 0x040ab208 code [0x040ab370, 0x040ab69c]
Event: 536.916 Thread 0x269c0400 2109   !         sun.font.FontStrikeDesc::equals (53 bytes)
Event: 536.917 Thread 0x269c0400 nmethod 2109 0x040aba08 code [0x040abb20, 0x040abc88]

GC Heap History (10 events):
Event: 4.381 GC heap before
{Heap before GC invocations=1 (full 0):
 def new generation   total 39296K, used 39296K [0x05e00000, 0x088a0000, 0x108a0000)
  eden space 34944K, 100% used [0x05e00000, 0x08020000, 0x08020000)
  from space 4352K, 100% used [0x08460000, 0x088a0000, 0x088a0000)
  to   space 4352K,   0% used [0x08020000, 0x08020000, 0x08460000)
 tenured generation   total 87424K, used 2776K [0x108a0000, 0x15e00000, 0x25e00000)
   the space 87424K,   3% used [0x108a0000, 0x10b56270, 0x10b56400, 0x15e00000)
 Metaspace       used 11582K, capacity 11921K, committed 12032K, reserved 12672K
Event: 4.436 GC heap after
Heap after GC invocations=2 (full 0):
 def new generation   total 39296K, used 4352K [0x05e00000, 0x088a0000, 0x108a0000)
  eden space 34944K,   0% used [0x05e00000, 0x05e00000, 0x08020000)
  from space 4352K, 100% used [0x08020000, 0x08460000, 0x08460000)
  to   space 4352K,   0% used [0x08460000, 0x08460000, 0x088a0000)
 tenured generation   total 87424K, used 7831K [0x108a0000, 0x15e00000, 0x25e00000)
   the space 87424K,   8% used [0x108a0000, 0x11045dd0, 0x11045e00, 0x15e00000)
 Metaspace       used 11582K, capacity 11921K, committed 12032K, reserved 12672K
}
Event: 4.600 GC heap before
{Heap before GC invocations=2 (full 0):
 def new generation   total 39296K, used 8426K [0x05e00000, 0x088a0000, 0x108a0000)
  eden space 34944K,  11% used [0x05e00000, 0x061faaa0, 0x08020000)
  from space 4352K, 100% used [0x08020000, 0x08460000, 0x08460000)
  to   space 4352K,   0% used [0x08460000, 0x08460000, 0x088a0000)
 tenured generation   total 87424K, used 7831K [0x108a0000, 0x15e00000, 0x25e00000)
   the space 87424K,   8% used [0x108a0000, 0x11045dd0, 0x11045e00, 0x15e00000)
 Metaspace       used 11924K, capacity 12249K, committed 12288K, reserved 12672K
Event: 4.667 GC heap after
Heap after GC invocations=3 (full 1):
 def new generation   total 39424K, used 0K [0x05e00000, 0x088c0000, 0x108a0000)
  eden space 35072K,   0% used [0x05e00000, 0x05e00000, 0x08040000)
  from space 4352K,   0% used [0x08040000, 0x08040000, 0x08480000)
  to   space 4352K,   0% used [0x08480000, 0x08480000, 0x088c0000)
 tenured generation   total 87424K, used 12503K [0x108a0000, 0x15e00000, 0x25e00000)
   the space 87424K,  14% used [0x108a0000, 0x114d5e98, 0x114d6000, 0x15e00000)
 Metaspace       used 11924K, capacity 12249K, committed 12288K, reserved 12672K
}
Event: 7.411 GC heap before
{Heap before GC invocations=3 (full 1):
 def new generation   total 39424K, used 35072K [0x05e00000, 0x088c0000, 0x108a0000)
  eden space 35072K, 100% used [0x05e00000, 0x08040000, 0x08040000)
  from space 4352K,   0% used [0x08040000, 0x08040000, 0x08480000)
  to   space 4352K,   0% used [0x08480000, 0x08480000, 0x088c0000)
 tenured generation   total 87424K, used 12503K [0x108a0000, 0x15e00000, 0x25e00000)
   the space 87424K,  14% used [0x108a0000, 0x114d5e98, 0x114d6000, 0x15e00000)
 Metaspace       used 16079K, capacity 16487K, committed 16512K, reserved 16768K
Event: 7.443 GC heap after
Heap after GC invocations=4 (full 1):
 def new generation   total 39424K, used 4352K [0x05e00000, 0x088c0000, 0x108a0000)
  eden space 35072K,   0% used [0x05e00000, 0x05e00000, 0x08040000)
  from space 4352K, 100% used [0x08480000, 0x088c0000, 0x088c0000)
  to   space 4352K,   0% used [0x08040000, 0x08040000, 0x08480000)
 tenured generation   total 87424K, used 14440K [0x108a0000, 0x15e00000, 0x25e00000)
   the space 87424K,  16% used [0x108a0000, 0x116ba288, 0x116ba400, 0x15e00000)
 Metaspace       used 16079K, capacity 16487K, committed 16512K, reserved 16768K
}
Event: 46.440 GC heap before
{Heap before GC invocations=4 (full 1):
 def new generation   total 39424K, used 39424K [0x05e00000, 0x088c0000, 0x108a0000)
  eden space 35072K, 100% used [0x05e00000, 0x08040000, 0x08040000)
  from space 4352K, 100% used [0x08480000, 0x088c0000, 0x088c0000)
  to   space 4352K,   0% used [0x08040000, 0x08040000, 0x08480000)
 tenured generation   total 87424K, used 14440K [0x108a0000, 0x15e00000, 0x25e00000)
   the space 87424K,  16% used [0x108a0000, 0x116ba288, 0x116ba400, 0x15e00000)
 Metaspace       used 17754K, capacity 18209K, committed 18304K, reserved 18816K
Event: 46.486 GC heap after
Heap after GC invocations=5 (full 1):
 def new generation   total 39424K, used 3034K [0x05e00000, 0x088c0000, 0x108a0000)
  eden space 35072K,   0% used [0x05e00000, 0x05e00000, 0x08040000)
  from space 4352K,  69% used [0x08040000, 0x08336998, 0x08480000)
  to   space 4352K,   0% used [0x08480000, 0x08480000, 0x088c0000)
 tenured generation   total 87424K, used 24866K [0x108a0000, 0x15e00000, 0x25e00000)
   the space 87424K,  28% used [0x108a0000, 0x120e8be0, 0x120e8c00, 0x15e00000)
 Metaspace       used 17754K, capacity 18209K, committed 18304K, reserved 18816K
}
Event: 536.275 GC heap before
{Heap before GC invocations=5 (full 1):
 def new generation   total 39424K, used 38106K [0x05e00000, 0x088c0000, 0x108a0000)
  eden space 35072K, 100% used [0x05e00000, 0x08040000, 0x08040000)
  from space 4352K,  69% used [0x08040000, 0x08336998, 0x08480000)
  to   space 4352K,   0% used [0x08480000, 0x08480000, 0x088c0000)
 tenured generation   total 87424K, used 24866K [0x108a0000, 0x15e00000, 0x25e00000)
   the space 87424K,  28% used [0x108a0000, 0x120e8be0, 0x120e8c00, 0x15e00000)
 Metaspace       used 17960K, capacity 18421K, committed 18432K, reserved 18816K
Event: 536.299 GC heap after
Heap after GC invocations=6 (full 1):
 def new generation   total 39424K, used 1167K [0x05e00000, 0x088c0000, 0x108a0000)
  eden space 35072K,   0% used [0x05e00000, 0x05e00000, 0x08040000)
  from space 4352K,  26% used [0x08480000, 0x085a3cb8, 0x088c0000)
  to   space 4352K,   0% used [0x08040000, 0x08040000, 0x08480000)
 tenured generation   total 87424K, used 26549K [0x108a0000, 0x15e00000, 0x25e00000)
   the space 87424K,  30% used [0x108a0000, 0x1228d408, 0x1228d600, 0x15e00000)
 Metaspace       used 17960K, capacity 18421K, committed 18432K, reserved 18816K
}

Deoptimization events (0 events):
No events

Internal exceptions (10 events):
Event: 536.907 Thread 0x2ab2ec00 Exception <a 'java/io/IOException'> (0x05ea4670) thrown at [C:\workspace\8-2-build-windows-i586-cygwin\jdk8u92\6642\hotspot\src\share\vm\prims\jni.cpp, line 709]
Event: 536.908 Thread 0x2ab2ec00 Exception <a 'java/io/IOException'> (0x05ea4a80) thrown at [C:\workspace\8-2-build-windows-i586-cygwin\jdk8u92\6642\hotspot\src\share\vm\prims\jni.cpp, line 709]
Event: 536.908 Thread 0x2ab2ec00 Exception <a 'java/io/IOException'> (0x05ea4e28) thrown at [C:\workspace\8-2-build-windows-i586-cygwin\jdk8u92\6642\hotspot\src\share\vm\prims\jni.cpp, line 709]
Event: 536.908 Thread 0x2ab2ec00 Exception <a 'java/io/IOException'> (0x05ea5250) thrown at [C:\workspace\8-2-build-windows-i586-cygwin\jdk8u92\6642\hotspot\src\share\vm\prims\jni.cpp, line 709]
Event: 536.908 Thread 0x2ab2ec00 Exception <a 'java/io/IOException'> (0x05ea55f0) thrown at [C:\workspace\8-2-build-windows-i586-cygwin\jdk8u92\6642\hotspot\src\share\vm\prims\jni.cpp, line 709]
Event: 536.908 Thread 0x2ab2ec00 Exception <a 'java/io/IOException'> (0x05ea5990) thrown at [C:\workspace\8-2-build-windows-i586-cygwin\jdk8u92\6642\hotspot\src\share\vm\prims\jni.cpp, line 709]
Event: 536.908 Thread 0x2ab2ec00 Exception <a 'java/io/IOException'> (0x05ea5bd8) thrown at [C:\workspace\8-2-build-windows-i586-cygwin\jdk8u92\6642\hotspot\src\share\vm\prims\jni.cpp, line 709]
Event: 536.909 Thread 0x2ab2ec00 Exception <a 'java/io/IOException'> (0x05ea60a8) thrown at [C:\workspace\8-2-build-windows-i586-cygwin\jdk8u92\6642\hotspot\src\share\vm\prims\jni.cpp, line 709]
Event: 536.909 Thread 0x2ab2ec00 Exception <a 'java/io/IOException'> (0x05ea6448) thrown at [C:\workspace\8-2-build-windows-i586-cygwin\jdk8u92\6642\hotspot\src\share\vm\prims\jni.cpp, line 709]
Event: 536.909 Thread 0x2ab2ec00 Exception <a 'java/io/IOException'> (0x05ea6690) thrown at [C:\workspace\8-2-build-windows-i586-cygwin\jdk8u92\6642\hotspot\src\share\vm\prims\jni.cpp, line 709]

Events (10 events):
Event: 536.303 Executing VM operation: RevokeBias
Event: 536.303 Executing VM operation: RevokeBias done
Event: 536.303 Executing VM operation: RevokeBias
Event: 536.303 Executing VM operation: RevokeBias done
Event: 536.303 Executing VM operation: RevokeBias
Event: 536.304 Executing VM operation: RevokeBias done
Event: 536.304 Executing VM operation: RevokeBias
Event: 536.304 Executing VM operation: RevokeBias done
Event: 536.304 Executing VM operation: RevokeBias
Event: 536.304 Executing VM operation: RevokeBias done


Dynamic libraries:
0x01110000 - 0x01143000 	H:\Program Files (x86)\Arduino\java\bin\javaw.exe
0x77150000 - 0x772d2000 	C:\WINDOWS\SYSTEM32\ntdll.dll
0x76c50000 - 0x76d30000 	C:\WINDOWS\System32\KERNEL32.DLL
0x73df0000 - 0x73f91000 	C:\WINDOWS\System32\KERNELBASE.dll
0x739d0000 - 0x73a62000 	C:\WINDOWS\system32\apphelp.dll
0x516c0000 - 0x51937000 	C:\WINDOWS\AppPatch\AcLayers.DLL
0x76000000 - 0x760be000 	C:\WINDOWS\System32\msvcrt.dll
0x76320000 - 0x7647f000 	C:\WINDOWS\System32\USER32.dll
0x75fe0000 - 0x75ff5000 	C:\WINDOWS\System32\win32u.dll
0x76ad0000 - 0x76afb000 	C:\WINDOWS\System32\GDI32.dll
0x76480000 - 0x765db000 	C:\WINDOWS\System32\gdi32full.dll
0x73fa0000 - 0x75377000 	C:\WINDOWS\System32\SHELL32.dll
0x76b00000 - 0x76b36000 	C:\WINDOWS\System32\cfgmgr32.dll
0x75a50000 - 0x75fbe000 	C:\WINDOWS\System32\windows.storage.dll
0x76750000 - 0x76961000 	C:\WINDOWS\System32\combase.dll
0x769f0000 - 0x76ad0000 	C:\WINDOWS\System32\ucrtbase.dll
0x76f90000 - 0x77051000 	C:\WINDOWS\System32\RPCRT4.dll
0x73c70000 - 0x73c8e000 	C:\WINDOWS\System32\SspiCli.dll
0x73c60000 - 0x73c6a000 	C:\WINDOWS\System32\CRYPTBASE.dll
0x73d90000 - 0x73dea000 	C:\WINDOWS\System32\bcryptPrimitives.dll
0x760d0000 - 0x76111000 	C:\WINDOWS\System32\sechost.dll
0x75470000 - 0x754b5000 	C:\WINDOWS\System32\powrprof.dll
0x759d0000 - 0x75a47000 	C:\WINDOWS\System32\advapi32.dll
0x75380000 - 0x753c6000 	C:\WINDOWS\System32\shlwapi.dll
0x769e0000 - 0x769ed000 	C:\WINDOWS\System32\kernel.appcore.dll
0x754c0000 - 0x75548000 	C:\WINDOWS\System32\shcore.dll
0x760c0000 - 0x760cf000 	C:\WINDOWS\System32\profapi.dll
0x73cf0000 - 0x73d83000 	C:\WINDOWS\System32\OLEAUT32.dll
0x75570000 - 0x7597b000 	C:\WINDOWS\System32\SETUPAPI.dll
0x72890000 - 0x728a6000 	C:\WINDOWS\SYSTEM32\MPR.dll
0x00400000 - 0x00403000 	C:\WINDOWS\SYSTEM32\sfc.dll
0x73be0000 - 0x73c4a000 	C:\WINDOWS\SYSTEM32\WINSPOOL.DRV
0x73bc0000 - 0x73bdb000 	C:\WINDOWS\SYSTEM32\bcrypt.dll
0x72930000 - 0x7293f000 	C:\WINDOWS\SYSTEM32\sfc_os.DLL
0x72a80000 - 0x72a8e000 	C:\WINDOWS\SYSTEM32\SortServer2003Compat.dll
0x76720000 - 0x76745000 	C:\WINDOWS\System32\IMM32.DLL
0x72680000 - 0x7288a000 	C:\WINDOWS\WinSxS\x86_microsoft.windows.common-controls_6595b64144ccf1df_6.0.14393.0_none_74bc87d3d22d9abe\COMCTL32.dll
0x51600000 - 0x516bf000 	H:\Program Files (x86)\Arduino\java\bin\msvcr100.dll
0x51230000 - 0x515fb000 	H:\Program Files (x86)\Arduino\java\bin\client\jvm.dll
0x75fc0000 - 0x75fc6000 	C:\WINDOWS\System32\PSAPI.DLL
0x736c0000 - 0x736c8000 	C:\WINDOWS\SYSTEM32\WSOCK32.dll
0x739a0000 - 0x739c4000 	C:\WINDOWS\SYSTEM32\WINMM.dll
0x73c50000 - 0x73c58000 	C:\WINDOWS\SYSTEM32\VERSION.dll
0x76970000 - 0x769d3000 	C:\WINDOWS\System32\WS2_32.dll
0x73880000 - 0x738a3000 	C:\WINDOWS\SYSTEM32\WINMMBASE.dll
0x54c70000 - 0x54ca1000 	H:\Program Files (x86)\Arduino\java\bin\splashscreen.dll
0x73600000 - 0x73675000 	C:\WINDOWS\system32\uxtheme.dll
0x765e0000 - 0x76716000 	C:\WINDOWS\System32\MSCTF.dll
0x729e0000 - 0x729ec000 	H:\Program Files (x86)\Arduino\java\bin\verify.dll
0x546f0000 - 0x54711000 	H:\Program Files (x86)\Arduino\java\bin\java.dll
0x6ba10000 - 0x6ba2f000 	C:\WINDOWS\SYSTEM32\dwmapi.dll
0x66160000 - 0x66173000 	H:\Program Files (x86)\Arduino\java\bin\zip.dll
0x510e0000 - 0x51225000 	H:\Program Files (x86)\Arduino\java\bin\awt.dll
0x76d30000 - 0x76e1a000 	C:\WINDOWS\System32\ole32.dll
0x54870000 - 0x54886000 	H:\Program Files (x86)\Arduino\java\bin\net.dll
0x73240000 - 0x7328e000 	C:\WINDOWS\system32\mswsock.dll
0x72f80000 - 0x72faf000 	C:\WINDOWS\SYSTEM32\IPHLPAPI.DLL
0x76ba0000 - 0x76ba7000 	C:\WINDOWS\System32\NSI.dll
0x61740000 - 0x6176c000 	H:\Program Files (x86)\Arduino\lib\listSerialsj.dll
0x6bef0000 - 0x6bf03000 	C:\WINDOWS\SYSTEM32\dhcpcsvc6.DLL
0x6bed0000 - 0x6bee4000 	C:\WINDOWS\SYSTEM32\dhcpcsvc.DLL
0x6f450000 - 0x6f463000 	C:\WINDOWS\SYSTEM32\CRYPTSP.dll
0x6f420000 - 0x6f44f000 	C:\WINDOWS\system32\rsaenh.dll
0x73690000 - 0x736aa000 	C:\WINDOWS\SYSTEM32\USERENV.dll
0x5a380000 - 0x5a38f000 	H:\Program Files (x86)\Arduino\java\bin\nio.dll
0x28760000 - 0x2879d000 	C:\Users\gatzaraki\AppData\Local\Temp\jna--773262642\jna5000924136122259407.dll
0x728b0000 - 0x7292c000 	C:\WINDOWS\SYSTEM32\DNSAPI.dll
0x6c060000 - 0x6c081000 	C:\Program Files (x86)\Bonjour\mdnsNSP.dll
0x546b0000 - 0x546e9000 	H:\Program Files (x86)\Arduino\java\bin\fontmanager.dll
0x54610000 - 0x54642000 	H:\Program Files (x86)\Arduino\java\bin\t2k.dll
0x68a20000 - 0x68a28000 	C:\Windows\System32\rasadhlp.dll
0x689d0000 - 0x68a19000 	C:\WINDOWS\System32\fwpuclnt.dll
0x73b90000 - 0x73bb2000 	C:\WINDOWS\SYSTEM32\DEVOBJ.dll
0x75980000 - 0x759c3000 	C:\WINDOWS\System32\WINTRUST.dll
0x753d0000 - 0x753de000 	C:\WINDOWS\System32\MSASN1.dll
0x761a0000 - 0x7631d000 	C:\WINDOWS\System32\CRYPT32.dll
0x51070000 - 0x510d9000 	H:\Program Files (x86)\Arduino\msvcp100.dll
0x50fb0000 - 0x5106e000 	H:\Program Files (x86)\Arduino\msvcr100.dll
0x2bd30000 - 0x2bd62000 	H:\Program Files (x86)\Arduino\lib\AStylej.dll
0x54680000 - 0x546a4000 	H:\Program Files (x86)\Arduino\java\bin\dcpr.dll
0x753e0000 - 0x75464000 	C:\WINDOWS\System32\clbcatq.dll
0x65fe0000 - 0x6614e000 	C:\WINDOWS\SYSTEM32\WindowsCodecs.dll
0x5e160000 - 0x5e1a4000 	C:\WINDOWS\system32\dataexchange.dll
0x60ef0000 - 0x61120000 	C:\WINDOWS\system32\d3d11.dll
0x5e040000 - 0x5e153000 	C:\WINDOWS\system32\dcomp.dll
0x66da0000 - 0x66e24000 	C:\WINDOWS\system32\dxgi.dll
0x5df40000 - 0x5e031000 	C:\WINDOWS\system32\twinapi.appcore.dll
0x64000000 - 0x6401b000 	C:\Users\gatzaraki\.jssc\windows\jSSC-2.8_x86.dll
0x6a910000 - 0x6aa55000 	C:\WINDOWS\SYSTEM32\dbghelp.dll

VM Arguments:
jvm_args: -Dsun.java2d.d3d=false -Djna.nosys=true -DAPP_DIR=H:\Program Files (x86)\Arduino -Xms128M -Xmx512M 
java_command: processing.app.Base H:\Projects\kaimana\KaimanaNeoPixel\NeoPixel\NeoPixel.ino
java_class_path (initial): H:\Program Files (x86)\Arduino\lib\apple.jar;H:\Program Files (x86)\Arduino\lib\arduino-core.jar;H:\Program Files (x86)\Arduino\lib\batik-1.8.jar;H:\Program Files (x86)\Arduino\lib\batik-anim-1.8.jar;H:\Program Files (x86)\Arduino\lib\batik-awt-util-1.8.jar;H:\Program Files (x86)\Arduino\lib\batik-bridge-1.8.jar;H:\Program Files (x86)\Arduino\lib\batik-codec-1.8.jar;H:\Program Files (x86)\Arduino\lib\batik-css-1.8.jar;H:\Program Files (x86)\Arduino\lib\batik-dom-1.8.jar;H:\Program Files (x86)\Arduino\lib\batik-ext-1.8.jar;H:\Program Files (x86)\Arduino\lib\batik-gvt-1.8.jar;H:\Program Files (x86)\Arduino\lib\batik-parser-1.8.jar;H:\Program Files (x86)\Arduino\lib\batik-rasterizer-1.8.jar;H:\Program Files (x86)\Arduino\lib\batik-script-1.8.jar;H:\Program Files (x86)\Arduino\lib\batik-squiggle-1.8.jar;H:\Program Files (x86)\Arduino\lib\batik-svg-dom-1.8.jar;H:\Program Files (x86)\Arduino\lib\batik-svgpp-1.8.jar;H:\Program Files (x86)\Arduino\lib\batik-transcoder-1.8.jar;H:\Program Files (x86)\Arduino\lib\batik-util-1.8.jar;H:\Program Files (x86)\Arduino\lib\batik-xml-1.8.jar;H:\Program Files (x86)\Arduino\lib\bcpg-jdk15on-152.jar;H:\Program Files (x86)\Arduino\lib\bcprov-jdk15on-152.jar;H:\Program Files (x86)\Arduino\lib\commons-codec-1.7.jar;H:\Program Files (x86)\Arduino\lib\commons-compress-1.8.jar;H:\Program Files (x86)\Arduino\lib\commons-exec-1.1.jar;H:\Program Files (x86)\Arduino\lib\commons-httpclient-3.1.jar;H:\Program Files (x86)\Arduino\lib\commons-lang3-3.3.2.jar;H:\Program Files (x86)\Arduino\lib\commons-logging-1.0.4.jar;H:\Program Files (x86)\Arduino\lib\commons-net-3.3.jar;H:\Program Files (x86)\Arduino\lib\jackson-annotations-2.6.3.jar;H:\Program Files (x86)\Arduino\lib\jackson-core-2.6.3.jar;H:\Program Files (x86)\Arduino\lib\jackson-databind-2.6.3.jar;H:\Program Files (x86)\Arduino\lib\jackson-module-mrbean-2.6.3.jar;H:\Program Files (x86)\Arduino\lib\java-semver-0.8.0.jar;H:\Program Files (x86)\Arduino\lib\jmdns-3.4.1.j
Launcher Type: SUN_STANDARD

Environment Variables:
PATH=H:\Python34\Lib\site-packages\PyQt4;C:\Program Files (x86)\Common Files\Microsoft Shared\Windows Live;C:\ProgramData\Oracle\Java\javapath;C:\Program Files (x86)\Intel\iCLS Client\;C:\Program Files\Intel\iCLS Client\;C:\Windows\system32;C:\Windows;C:\Windows\System32\Wbem;C:\Windows\System32\WindowsPowerShell\v1.0\;C:\Program Files\Intel\Intel(R) Management Engine Components\DAL;C:\Program Files (x86)\Intel\Intel(R) Management Engine Components\DAL;C:\Program Files\Intel\Intel(R) Management Engine Components\IPT;C:\Program Files (x86)\Intel\Intel(R) Management Engine Components\IPT;C:\Program Files (x86)\AMD\ATI.ACE\Core-Static;C:\Program Files\Microsoft\Web Platform Installer\;C:\Program Files (x86)\Microsoft ASP.NET\ASP.NET Web Pages\v1.0\;C:\Program Files\Microsoft SQL Server\110\Tools\Binn\;C:\Program Files\WIDCOMM\Bluetooth Software\;C:\Program Files\WIDCOMM\Bluetooth Software\syswow64;C:\Program Files (x86)\Windows Kits\10\Windows Performance Toolkit\;C:\Program Files (x86)\Skype\Phone\;C:\Program Files (x86)\NVIDIA Corporation\PhysX\Common;H:\Program Files (x86)\Livestreamer;C:\WINDOWS\system32;C:\WINDOWS;C:\WINDOWS\System32\Wbem;C:\WINDOWS\System32\WindowsPowerShell\v1.0\;C:\Program Files\Common Files\Microsoft Shared\Windows Live;H:\Program Files (x86)\Microsoft VS Code\bin;C:\Users\gatzaraki\AppData\Local\Microsoft\WindowsApps;H:\Program Files (x86)\Arduino\java\bin
USERNAME=gatzaraki
OS=Windows_NT
PROCESSOR_IDENTIFIER=Intel64 Family 6 Model 60 Stepping 3, GenuineIntel



---------------  S Y S T E M  ---------------

OS: Windows 10.0 , 64 bit Build 14393 (10.0.14393.0)

CPU:total 8 (4 cores per cpu, 2 threads per core) family 6 model 60 stepping 3, cmov, cx8, fxsr, mmx, sse, sse2, sse3, ssse3, sse4.1, sse4.2, popcnt, avx, avx2, aes, clmul, erms, lzcnt, ht, tsc, tscinvbit, bmi1, bmi2

Memory: 4k page, physical 12530656k(8268824k free), swap 25113568k(19291932k free)

vm_info: Java HotSpot(TM) Client VM (25.92-b14) for windows-x86 JRE (1.8.0_92-b14), built on Mar 31 2016 21:09:21 by "java_re" with MS VC++ 10.0 (VS2010)

time: Mon Sep 05 11:56:28 2016
elapsed time: 537 seconds (0d 0h 8m 57s)

