#
# A fatal error has been detected by the Java Runtime Environment:
#
#  EXCEPTION_ACCESS_VIOLATION (0xc0000005) at pc=0x617493cd, pid=6256, tid=0x00002748
#
# JRE version: Java(TM) SE Runtime Environment (8.0_92-b14) (build 1.8.0_92-b14)
# Java VM: Java HotSpot(TM) Client VM (25.92-b14 mixed mode windows-x86 )
# Problematic frame:
# C  [listSerialsj.dll+0x93cd]
#
# Failed to write core dump. Minidumps are not enabled by default on client versions of Windows
#
# If you would like to submit a bug report, please visit:
#   http://bugreport.java.com/bugreport/crash.jsp
# The crash happened outside the Java Virtual Machine in native code.
# See problematic frame for where to report the bug.
#

---------------  T H R E A D  ---------------

Current thread (0x2762cc00):  JavaThread "cc.arduino.packages.discoverers.serial.SerialBoardsLister" [_thread_in_native, id=10056, stack(0x2a3b0000,0x2a400000)]

siginfo: ExceptionCode=0xc0000005, writing address 0x00000000

Registers:
EAX=0x00000000, EBX=0x00000790, ECX=0x00000000, EDX=0x00000001
ESP=0x2a3fea80, EBP=0x2a3feed8, ESI=0x00000004, EDI=0x2a618e70
EIP=0x617493cd, EFLAGS=0x00010246

Top of Stack: (sp=0x2a3fea80)
0x2a3fea80:   0092d6d0 0000002e 00000002 00000000
0x2a3fea90:   00000003 00000000 00000000 00000000
0x2a3feaa0:   2a3fea8c 00000000 0000006c 7559a540
0x2a3feab0:   2c82f778 00fffffe 2a619de8 00000095
0x2a3feac0:   00000000 00000000 00000067 00000002
0x2a3fead0:   00000001 0000006c 00000057 2a3fec28
0x2a3feae0:   00000000 2a3fec0c 334d4f43 00000000
0x2a3feaf0:   00425355 00000001 513f5f6a 000000c1 

Instructions: (pc=0x617493cd)
0x617493ad:   8b 45 08 8b 90 94 00 00 00 85 d2 74 16 8b 40 2c
0x617493bd:   c7 44 24 04 2e 00 00 00 89 04 24 e8 73 14 00 00
0x617493cd:   c6 00 00 8d 85 04 fc ff ff 89 44 24 18 8d 85 0a
0x617493dd:   fc ff ff 89 44 24 10 a1 e4 01 75 61 c7 85 04 fc 


Register to memory mapping:

EAX=0x00000000 is an unknown value
EBX=0x00000790 is an unknown value
ECX=0x00000000 is an unknown value
EDX=0x00000001 is an unknown value
ESP=0x2a3fea80 is pointing into the stack for thread: 0x2762cc00
EBP=0x2a3feed8 is pointing into the stack for thread: 0x2762cc00
ESI=0x00000004 is an unknown value
EDI=0x2a618e70 is an unknown value


Stack: [0x2a3b0000,0x2a400000],  sp=0x2a3fea80,  free space=314k
Native frames: (J=compiled Java code, j=interpreted, Vv=VM code, C=native code)
C  [listSerialsj.dll+0x93cd]
C  [listSerialsj.dll+0x2211]

Java frames: (J=compiled Java code, j=interpreted, Vv=VM code)
j  processing.app.Platform.listSerialsNative()[Ljava/lang/String;+0
j  processing.app.Platform.listSerials()Ljava/util/List;+5
j  cc.arduino.packages.discoverers.serial.SerialBoardsLister.retriggerDiscovery(Z)V+22
j  cc.arduino.packages.discoverers.serial.SerialBoardsLister.run()V+9
j  java.util.TimerThread.mainLoop()V+221
j  java.util.TimerThread.run()V+1
v  ~StubRoutines::call_stub

---------------  P R O C E S S  ---------------

Java Threads: ( => current thread )
  0x2adbac00 JavaThread "Thread-35" [_thread_blocked, id=12020, stack(0x02470000,0x024c0000)]
  0x2adbdc00 JavaThread "JmDNS(ZEBES.local.).Timer" daemon [_thread_blocked, id=6772, stack(0x2f310000,0x2f360000)]
  0x2adc0400 JavaThread "JmDNS(ZEBES.local.).State.Timer" [_thread_blocked, id=3812, stack(0x2f280000,0x2f2d0000)]
  0x2adbb400 JavaThread "JmDNS(ZEBES.local.).Timer" daemon [_thread_blocked, id=6720, stack(0x2f1f0000,0x2f240000)]
  0x2adbd000 JavaThread "SocketListener(ZEBES.local.)" daemon [_thread_in_native, id=9860, stack(0x2f160000,0x2f1b0000)]
  0x2adbf400 JavaThread "JmDNS(ZEBES.local.).Timer" daemon [_thread_blocked, id=4580, stack(0x2f0d0000,0x2f120000)]
  0x2adba800 JavaThread "JmDNS(ZEBES.local.).State.Timer" [_thread_blocked, id=9864, stack(0x2f040000,0x2f090000)]
  0x2adbc800 JavaThread "JmDNS(ZEBES.local.).Timer" daemon [_thread_blocked, id=6064, stack(0x2efb0000,0x2f000000)]
  0x2adba000 JavaThread "SocketListener(ZEBES.local.)" daemon [_thread_in_native, id=11580, stack(0x2ef20000,0x2ef70000)]
  0x2adbfc00 JavaThread "JmDNS(ZEBES.local.).Timer" daemon [_thread_blocked, id=13336, stack(0x2ebe0000,0x2ec30000)]
  0x2adbbc00 JavaThread "JmDNS(ZEBES.local.).State.Timer" [_thread_blocked, id=8820, stack(0x2eb50000,0x2eba0000)]
  0x2cada800 JavaThread "JmDNS(ZEBES.local.).Timer" daemon [_thread_blocked, id=11864, stack(0x2eac0000,0x2eb10000)]
  0x2a797800 JavaThread "SocketListener(ZEBES.local.)" daemon [_thread_in_native, id=9232, stack(0x2ea30000,0x2ea80000)]
  0x2a795c00 JavaThread "JmDNS(ZEBES.local.).Timer" daemon [_thread_blocked, id=9004, stack(0x2e9a0000,0x2e9f0000)]
  0x2a798400 JavaThread "JmDNS(ZEBES.local.).State.Timer" [_thread_blocked, id=2332, stack(0x2da10000,0x2da60000)]
  0x2a796400 JavaThread "JmDNS(ZEBES.local.).Timer" daemon [_thread_blocked, id=8496, stack(0x2c280000,0x2c2d0000)]
  0x2a797c00 JavaThread "SocketListener(ZEBES.local.)" daemon [_thread_in_native, id=10800, stack(0x2c230000,0x2c280000)]
  0x2a796800 JavaThread "DestroyJavaVM" [_thread_blocked, id=14312, stack(0x04080000,0x040d0000)]
  0x2a795800 JavaThread "JmDNS(ZEBES.local.).Timer" daemon [_thread_blocked, id=3204, stack(0x2e760000,0x2e7b0000)]
  0x2cadc400 JavaThread "JmDNS(ZEBES.local.).State.Timer" [_thread_blocked, id=12804, stack(0x2e6d0000,0x2e720000)]
  0x2cadbc00 JavaThread "JmDNS(ZEBES.local.).Timer" daemon [_thread_blocked, id=5564, stack(0x2e640000,0x2e690000)]
  0x2cadb400 JavaThread "SocketListener(ZEBES.local.)" daemon [_thread_in_native, id=13800, stack(0x2e5b0000,0x2e600000)]
  0x2cadb000 JavaThread "AWT-EventQueue-0" [_thread_blocked, id=12304, stack(0x2e120000,0x2e170000)]
  0x2cadd800 JavaThread "AWT-Shutdown" [_thread_blocked, id=7092, stack(0x2e090000,0x2e0e0000)]
  0x2cadc800 JavaThread "TimerQueue" daemon [_thread_blocked, id=8872, stack(0x2df00000,0x2df50000)]
  0x2cada400 JavaThread "Batik CleanerThread" daemon [_thread_blocked, id=8332, stack(0x2c1d0000,0x2c220000)]
  0x2abc7c00 JavaThread "JmDNS(ZEBES.local.).Timer" daemon [_thread_blocked, id=11812, stack(0x2c6b0000,0x2c700000)]
  0x2abc7400 JavaThread "JmDNS(ZEBES.local.).State.Timer" [_thread_blocked, id=6904, stack(0x2c620000,0x2c670000)]
  0x2abc7000 JavaThread "JmDNS(ZEBES.local.).Timer" daemon [_thread_blocked, id=12052, stack(0x27910000,0x27960000)]
  0x26892c00 JavaThread "SocketListener(ZEBES.local.)" daemon [_thread_in_native, id=1716, stack(0x04110000,0x04160000)]
  0x27693400 JavaThread "cc.arduino.packages.discoverers.network.BoardReachabilityFilter" [_thread_blocked, id=13776, stack(0x2a4d0000,0x2a520000)]
  0x27632800 JavaThread "cc.arduino.packages.discoverers.network.NetworkChecker" [_thread_in_native, id=1312, stack(0x2a440000,0x2a490000)]
=>0x2762cc00 JavaThread "cc.arduino.packages.discoverers.serial.SerialBoardsLister" [_thread_in_native, id=10056, stack(0x2a3b0000,0x2a400000)]
  0x275e9000 JavaThread "AWT-Windows" daemon [_thread_in_native, id=6980, stack(0x279a0000,0x279f0000)]
  0x275dfc00 JavaThread "Java2D Disposer" daemon [_thread_blocked, id=1376, stack(0x27880000,0x278d0000)]
  0x268d9c00 JavaThread "Service Thread" daemon [_thread_blocked, id=2096, stack(0x27270000,0x272c0000)]
  0x268afc00 JavaThread "C1 CompilerThread0" daemon [_thread_blocked, id=8604, stack(0x271e0000,0x27230000)]
  0x268ae800 JavaThread "Attach Listener" daemon [_thread_blocked, id=7100, stack(0x27150000,0x271a0000)]
  0x268ac800 JavaThread "Signal Dispatcher" daemon [_thread_blocked, id=1776, stack(0x270c0000,0x27110000)]
  0x26868800 JavaThread "Finalizer" daemon [_thread_blocked, id=7316, stack(0x26f40000,0x26f90000)]
  0x26862800 JavaThread "Reference Handler" daemon [_thread_blocked, id=1292, stack(0x26eb0000,0x26f00000)]

Other Threads:
  0x26847400 VMThread [stack: 0x26e20000,0x26e70000] [id=9528]
  0x26905c00 WatcherThread [stack: 0x27300000,0x27350000] [id=3132]

VM state:not at safepoint (normal execution)

VM Mutex/Monitor currently owned by a thread: None

Heap:
 def new generation   total 39424K, used 7991K [0x06200000, 0x08cc0000, 0x10ca0000)
  eden space 35072K,  19% used [0x06200000, 0x068855c0, 0x08440000)
  from space 4352K,  30% used [0x08880000, 0x089c8648, 0x08cc0000)
  to   space 4352K,   0% used [0x08440000, 0x08440000, 0x08880000)
 tenured generation   total 87424K, used 26503K [0x10ca0000, 0x16200000, 0x26200000)
   the space 87424K,  30% used [0x10ca0000, 0x12681ec8, 0x12682000, 0x16200000)
 Metaspace       used 17891K, capacity 18354K, committed 18432K, reserved 18816K

Card table byte_map: [0x26200000,0x26310000] byte_map_base: 0x261cf000

Polling page: 0x00980000

CodeCache: size=32768Kb used=3840Kb max_used=3840Kb free=28927Kb
 bounds [0x04170000, 0x04538000, 0x06170000]
 total_blobs=2459 nmethods=2186 adapters=202
 compilation: enabled

Compilation events (10 events):
Event: 732.469 Thread 0x268afc00 2206             java.lang.ProcessEnvironment$CheckedEntry::getKey (5 bytes)
Event: 732.469 Thread 0x268afc00 nmethod 2206 0x0452eb08 code [0x0452ec10, 0x0452eccc]
Event: 732.471 Thread 0x268afc00 2207             java.lang.ProcessEnvironment$CheckedEntry::getKey (13 bytes)
Event: 732.472 Thread 0x268afc00 nmethod 2207 0x0452ed88 code [0x0452ee90, 0x0452ef4c]
Event: 732.617 Thread 0x268afc00 2208  s          javax.swing.RepaintManager::addInvalidComponent (111 bytes)
Event: 732.620 Thread 0x268afc00 nmethod 2208 0x0452efc8 code [0x0452f160, 0x0452f78c]
Event: 732.746 Thread 0x268afc00 2209             java.util.IdentityHashMap$KeyIterator::next (13 bytes)
Event: 732.747 Thread 0x268afc00 nmethod 2209 0x0452fc08 code [0x0452fd10, 0x0452fddc]
Event: 732.749 Thread 0x268afc00 2210             javax.swing.text.ParagraphView::calculateMinorAxisRequirements (195 bytes)
Event: 732.751 Thread 0x268afc00 nmethod 2210 0x0452fec8 code [0x04530070, 0x045303ac]

GC Heap History (10 events):
Event: 4.551 GC heap before
{Heap before GC invocations=1 (full 0):
 def new generation   total 39296K, used 39296K [0x06200000, 0x08ca0000, 0x10ca0000)
  eden space 34944K, 100% used [0x06200000, 0x08420000, 0x08420000)
  from space 4352K, 100% used [0x08860000, 0x08ca0000, 0x08ca0000)
  to   space 4352K,   0% used [0x08420000, 0x08420000, 0x08860000)
 tenured generation   total 87424K, used 2787K [0x10ca0000, 0x16200000, 0x26200000)
   the space 87424K,   3% used [0x10ca0000, 0x10f58e18, 0x10f59000, 0x16200000)
 Metaspace       used 11581K, capacity 11921K, committed 12032K, reserved 12672K
Event: 4.603 GC heap after
Heap after GC invocations=2 (full 0):
 def new generation   total 39296K, used 4352K [0x06200000, 0x08ca0000, 0x10ca0000)
  eden space 34944K,   0% used [0x06200000, 0x06200000, 0x08420000)
  from space 4352K, 100% used [0x08420000, 0x08860000, 0x08860000)
  to   space 4352K,   0% used [0x08860000, 0x08860000, 0x08ca0000)
 tenured generation   total 87424K, used 7831K [0x10ca0000, 0x16200000, 0x26200000)
   the space 87424K,   8% used [0x10ca0000, 0x11445e88, 0x11446000, 0x16200000)
 Metaspace       used 11581K, capacity 11921K, committed 12032K, reserved 12672K
}
Event: 4.767 GC heap before
{Heap before GC invocations=2 (full 0):
 def new generation   total 39296K, used 8544K [0x06200000, 0x08ca0000, 0x10ca0000)
  eden space 34944K,  11% used [0x06200000, 0x066180e8, 0x08420000)
  from space 4352K, 100% used [0x08420000, 0x08860000, 0x08860000)
  to   space 4352K,   0% used [0x08860000, 0x08860000, 0x08ca0000)
 tenured generation   total 87424K, used 7831K [0x10ca0000, 0x16200000, 0x26200000)
   the space 87424K,   8% used [0x10ca0000, 0x11445e88, 0x11446000, 0x16200000)
 Metaspace       used 11924K, capacity 12251K, committed 12288K, reserved 12672K
Event: 4.833 GC heap after
Heap after GC invocations=3 (full 1):
 def new generation   total 39424K, used 0K [0x06200000, 0x08cc0000, 0x10ca0000)
  eden space 35072K,   0% used [0x06200000, 0x06200000, 0x08440000)
  from space 4352K,   0% used [0x08440000, 0x08440000, 0x08880000)
  to   space 4352K,   0% used [0x08880000, 0x08880000, 0x08cc0000)
 tenured generation   total 87424K, used 12513K [0x10ca0000, 0x16200000, 0x26200000)
   the space 87424K,  14% used [0x10ca0000, 0x118d8428, 0x118d8600, 0x16200000)
 Metaspace       used 11924K, capacity 12251K, committed 12288K, reserved 12672K
}
Event: 7.614 GC heap before
{Heap before GC invocations=3 (full 1):
 def new generation   total 39424K, used 35072K [0x06200000, 0x08cc0000, 0x10ca0000)
  eden space 35072K, 100% used [0x06200000, 0x08440000, 0x08440000)
  from space 4352K,   0% used [0x08440000, 0x08440000, 0x08880000)
  to   space 4352K,   0% used [0x08880000, 0x08880000, 0x08cc0000)
 tenured generation   total 87424K, used 12513K [0x10ca0000, 0x16200000, 0x26200000)
   the space 87424K,  14% used [0x10ca0000, 0x118d8428, 0x118d8600, 0x16200000)
 Metaspace       used 16159K, capacity 16556K, committed 16640K, reserved 16768K
Event: 7.646 GC heap after
Heap after GC invocations=4 (full 1):
 def new generation   total 39424K, used 4352K [0x06200000, 0x08cc0000, 0x10ca0000)
  eden space 35072K,   0% used [0x06200000, 0x06200000, 0x08440000)
  from space 4352K, 100% used [0x08880000, 0x08cc0000, 0x08cc0000)
  to   space 4352K,   0% used [0x08440000, 0x08440000, 0x08880000)
 tenured generation   total 87424K, used 14450K [0x10ca0000, 0x16200000, 0x26200000)
   the space 87424K,  16% used [0x10ca0000, 0x11abc930, 0x11abca00, 0x16200000)
 Metaspace       used 16159K, capacity 16556K, committed 16640K, reserved 16768K
}
Event: 41.571 GC heap before
{Heap before GC invocations=4 (full 1):
 def new generation   total 39424K, used 39424K [0x06200000, 0x08cc0000, 0x10ca0000)
  eden space 35072K, 100% used [0x06200000, 0x08440000, 0x08440000)
  from space 4352K, 100% used [0x08880000, 0x08cc0000, 0x08cc0000)
  to   space 4352K,   0% used [0x08440000, 0x08440000, 0x08880000)
 tenured generation   total 87424K, used 14450K [0x10ca0000, 0x16200000, 0x26200000)
   the space 87424K,  16% used [0x10ca0000, 0x11abc930, 0x11abca00, 0x16200000)
 Metaspace       used 17677K, capacity 18142K, committed 18176K, reserved 18816K
Event: 41.618 GC heap after
Heap after GC invocations=5 (full 1):
 def new generation   total 39424K, used 3108K [0x06200000, 0x08cc0000, 0x10ca0000)
  eden space 35072K,   0% used [0x06200000, 0x06200000, 0x08440000)
  from space 4352K,  71% used [0x08440000, 0x087492e8, 0x08880000)
  to   space 4352K,   0% used [0x08880000, 0x08880000, 0x08cc0000)
 tenured generation   total 87424K, used 24879K [0x10ca0000, 0x16200000, 0x26200000)
   the space 87424K,  28% used [0x10ca0000, 0x124ebe08, 0x124ec000, 0x16200000)
 Metaspace       used 17677K, capacity 18142K, committed 18176K, reserved 18816K
}
Event: 715.515 GC heap before
{Heap before GC invocations=5 (full 1):
 def new generation   total 39424K, used 38180K [0x06200000, 0x08cc0000, 0x10ca0000)
  eden space 35072K, 100% used [0x06200000, 0x08440000, 0x08440000)
  from space 4352K,  71% used [0x08440000, 0x087492e8, 0x08880000)
  to   space 4352K,   0% used [0x08880000, 0x08880000, 0x08cc0000)
 tenured generation   total 87424K, used 24879K [0x10ca0000, 0x16200000, 0x26200000)
   the space 87424K,  28% used [0x10ca0000, 0x124ebe08, 0x124ec000, 0x16200000)
 Metaspace       used 17816K, capacity 18290K, committed 18304K, reserved 18816K
Event: 715.534 GC heap after
Heap after GC invocations=6 (full 1):
 def new generation   total 39424K, used 1313K [0x06200000, 0x08cc0000, 0x10ca0000)
  eden space 35072K,   0% used [0x06200000, 0x06200000, 0x08440000)
  from space 4352K,  30% used [0x08880000, 0x089c8648, 0x08cc0000)
  to   space 4352K,   0% used [0x08440000, 0x08440000, 0x08880000)
 tenured generation   total 87424K, used 26503K [0x10ca0000, 0x16200000, 0x26200000)
   the space 87424K,  30% used [0x10ca0000, 0x12681ec8, 0x12682000, 0x16200000)
 Metaspace       used 17816K, capacity 18290K, committed 18304K, reserved 18816K
}

Deoptimization events (0 events):
No events

Internal exceptions (10 events):
Event: 732.707 Thread 0x2adbac00 Exception <a 'java/io/IOException'> (0x067d9b00) thrown at [C:\workspace\8-2-build-windows-i586-cygwin\jdk8u92\6642\hotspot\src\share\vm\prims\jni.cpp, line 709]
Event: 733.145 Thread 0x2adbac00 Exception <a 'java/io/IOException'> (0x0683b4b8) thrown at [C:\workspace\8-2-build-windows-i586-cygwin\jdk8u92\6642\hotspot\src\share\vm\prims\jni.cpp, line 709]
Event: 733.145 Thread 0x2adbac00 Exception <a 'java/io/IOException'> (0x0683b918) thrown at [C:\workspace\8-2-build-windows-i586-cygwin\jdk8u92\6642\hotspot\src\share\vm\prims\jni.cpp, line 709]
Event: 733.145 Thread 0x2adbac00 Exception <a 'java/io/IOException'> (0x0683bd28) thrown at [C:\workspace\8-2-build-windows-i586-cygwin\jdk8u92\6642\hotspot\src\share\vm\prims\jni.cpp, line 709]
Event: 733.145 Thread 0x2adbac00 Exception <a 'java/io/IOException'> (0x0683c0f8) thrown at [C:\workspace\8-2-build-windows-i586-cygwin\jdk8u92\6642\hotspot\src\share\vm\prims\jni.cpp, line 709]
Event: 733.145 Thread 0x2adbac00 Exception <a 'java/io/IOException'> (0x0683c520) thrown at [C:\workspace\8-2-build-windows-i586-cygwin\jdk8u92\6642\hotspot\src\share\vm\prims\jni.cpp, line 709]
Event: 733.146 Thread 0x2adbac00 Exception <a 'java/io/IOException'> (0x0683c8f0) thrown at [C:\workspace\8-2-build-windows-i586-cygwin\jdk8u92\6642\hotspot\src\share\vm\prims\jni.cpp, line 709]
Event: 733.146 Thread 0x2adbac00 Exception <a 'java/io/IOException'> (0x0683cca8) thrown at [C:\workspace\8-2-build-windows-i586-cygwin\jdk8u92\6642\hotspot\src\share\vm\prims\jni.cpp, line 709]
Event: 733.146 Thread 0x2adbac00 Exception <a 'java/io/IOException'> (0x0683d048) thrown at [C:\workspace\8-2-build-windows-i586-cygwin\jdk8u92\6642\hotspot\src\share\vm\prims\jni.cpp, line 709]
Event: 733.146 Thread 0x2adbac00 Exception <a 'java/io/IOException'> (0x0683d290) thrown at [C:\workspace\8-2-build-windows-i586-cygwin\jdk8u92\6642\hotspot\src\share\vm\prims\jni.cpp, line 709]

Events (10 events):
Event: 732.706 loading class java/util/TreeMap$PrivateEntryIterator done
Event: 732.706 loading class java/util/TreeMap$KeyIterator done
Event: 732.708 loading class jssc/SerialPort
Event: 732.708 loading class jssc/SerialPort done
Event: 732.712 loading class jssc/SerialPort$EventThread
Event: 732.712 loading class jssc/SerialPort$EventThread done
Event: 732.713 loading class jssc/SerialPort$LinuxEventThread
Event: 732.713 loading class jssc/SerialPort$LinuxEventThread done
Event: 732.715 loading class jssc/SerialPortTimeoutException
Event: 732.715 loading class jssc/SerialPortTimeoutException done


Dynamic libraries:
0x002e0000 - 0x00313000 	H:\Program Files (x86)\Arduino\java\bin\javaw.exe
0x77150000 - 0x772d2000 	C:\WINDOWS\SYSTEM32\ntdll.dll
0x76c50000 - 0x76d30000 	C:\WINDOWS\System32\KERNEL32.DLL
0x73df0000 - 0x73f91000 	C:\WINDOWS\System32\KERNELBASE.dll
0x739d0000 - 0x73a62000 	C:\WINDOWS\system32\apphelp.dll
0x517b0000 - 0x51a27000 	C:\WINDOWS\AppPatch\AcLayers.DLL
0x76000000 - 0x760be000 	C:\WINDOWS\System32\msvcrt.dll
0x76320000 - 0x7647f000 	C:\WINDOWS\System32\USER32.dll
0x75fe0000 - 0x75ff5000 	C:\WINDOWS\System32\win32u.dll
0x76ad0000 - 0x76afb000 	C:\WINDOWS\System32\GDI32.dll
0x76480000 - 0x765db000 	C:\WINDOWS\System32\gdi32full.dll
0x73fa0000 - 0x75377000 	C:\WINDOWS\System32\SHELL32.dll
0x76b00000 - 0x76b36000 	C:\WINDOWS\System32\cfgmgr32.dll
0x75a50000 - 0x75fbe000 	C:\WINDOWS\System32\windows.storage.dll
0x76750000 - 0x76961000 	C:\WINDOWS\System32\combase.dll
0x769f0000 - 0x76ad0000 	C:\WINDOWS\System32\ucrtbase.dll
0x76f90000 - 0x77051000 	C:\WINDOWS\System32\RPCRT4.dll
0x73c70000 - 0x73c8e000 	C:\WINDOWS\System32\SspiCli.dll
0x73c60000 - 0x73c6a000 	C:\WINDOWS\System32\CRYPTBASE.dll
0x73d90000 - 0x73dea000 	C:\WINDOWS\System32\bcryptPrimitives.dll
0x760d0000 - 0x76111000 	C:\WINDOWS\System32\sechost.dll
0x75470000 - 0x754b5000 	C:\WINDOWS\System32\powrprof.dll
0x759d0000 - 0x75a47000 	C:\WINDOWS\System32\advapi32.dll
0x75380000 - 0x753c6000 	C:\WINDOWS\System32\shlwapi.dll
0x769e0000 - 0x769ed000 	C:\WINDOWS\System32\kernel.appcore.dll
0x754c0000 - 0x75548000 	C:\WINDOWS\System32\shcore.dll
0x760c0000 - 0x760cf000 	C:\WINDOWS\System32\profapi.dll
0x73cf0000 - 0x73d83000 	C:\WINDOWS\System32\OLEAUT32.dll
0x75570000 - 0x7597b000 	C:\WINDOWS\System32\SETUPAPI.dll
0x72890000 - 0x728a6000 	C:\WINDOWS\SYSTEM32\MPR.dll
0x008e0000 - 0x008e3000 	C:\WINDOWS\SYSTEM32\sfc.dll
0x73be0000 - 0x73c4a000 	C:\WINDOWS\SYSTEM32\WINSPOOL.DRV
0x73bc0000 - 0x73bdb000 	C:\WINDOWS\SYSTEM32\bcrypt.dll
0x72930000 - 0x7293f000 	C:\WINDOWS\SYSTEM32\sfc_os.DLL
0x72a40000 - 0x72a4e000 	C:\WINDOWS\SYSTEM32\SortServer2003Compat.dll
0x76720000 - 0x76745000 	C:\WINDOWS\System32\IMM32.DLL
0x72680000 - 0x7288a000 	C:\WINDOWS\WinSxS\x86_microsoft.windows.common-controls_6595b64144ccf1df_6.0.14393.0_none_74bc87d3d22d9abe\COMCTL32.dll
0x52800000 - 0x528bf000 	H:\Program Files (x86)\Arduino\java\bin\msvcr100.dll
0x513e0000 - 0x517ab000 	H:\Program Files (x86)\Arduino\java\bin\client\jvm.dll
0x75fc0000 - 0x75fc6000 	C:\WINDOWS\System32\PSAPI.DLL
0x736c0000 - 0x736c8000 	C:\WINDOWS\SYSTEM32\WSOCK32.dll
0x73c50000 - 0x73c58000 	C:\WINDOWS\SYSTEM32\VERSION.dll
0x739a0000 - 0x739c4000 	C:\WINDOWS\SYSTEM32\WINMM.dll
0x76970000 - 0x769d3000 	C:\WINDOWS\System32\WS2_32.dll
0x73880000 - 0x738a3000 	C:\WINDOWS\SYSTEM32\WINMMBASE.dll
0x57d00000 - 0x57d31000 	H:\Program Files (x86)\Arduino\java\bin\splashscreen.dll
0x73600000 - 0x73675000 	C:\WINDOWS\system32\uxtheme.dll
0x765e0000 - 0x76716000 	C:\WINDOWS\System32\MSCTF.dll
0x72a30000 - 0x72a3c000 	H:\Program Files (x86)\Arduino\java\bin\verify.dll
0x527d0000 - 0x527f1000 	H:\Program Files (x86)\Arduino\java\bin\java.dll
0x6ba10000 - 0x6ba2f000 	C:\WINDOWS\SYSTEM32\dwmapi.dll
0x57e40000 - 0x57e53000 	H:\Program Files (x86)\Arduino\java\bin\zip.dll
0x51f50000 - 0x52095000 	H:\Program Files (x86)\Arduino\java\bin\awt.dll
0x76d30000 - 0x76e1a000 	C:\WINDOWS\System32\ole32.dll
0x57d90000 - 0x57da6000 	H:\Program Files (x86)\Arduino\java\bin\net.dll
0x73240000 - 0x7328e000 	C:\WINDOWS\system32\mswsock.dll
0x72f80000 - 0x72faf000 	C:\WINDOWS\SYSTEM32\IPHLPAPI.DLL
0x76ba0000 - 0x76ba7000 	C:\WINDOWS\System32\NSI.dll
0x61740000 - 0x6176c000 	H:\Program Files (x86)\Arduino\lib\listSerialsj.dll
0x6bef0000 - 0x6bf03000 	C:\WINDOWS\SYSTEM32\dhcpcsvc6.DLL
0x6bed0000 - 0x6bee4000 	C:\WINDOWS\SYSTEM32\dhcpcsvc.DLL
0x6f450000 - 0x6f463000 	C:\WINDOWS\SYSTEM32\CRYPTSP.dll
0x6f420000 - 0x6f44f000 	C:\WINDOWS\system32\rsaenh.dll
0x73690000 - 0x736aa000 	C:\WINDOWS\SYSTEM32\USERENV.dll
0x729f0000 - 0x729ff000 	H:\Program Files (x86)\Arduino\java\bin\nio.dll
0x2bd80000 - 0x2bdbd000 	C:\Users\gatzaraki\AppData\Local\Temp\jna--773262642\jna4740059498631962184.dll
0x728b0000 - 0x7292c000 	C:\WINDOWS\SYSTEM32\DNSAPI.dll
0x6c060000 - 0x6c081000 	C:\Program Files (x86)\Bonjour\mdnsNSP.dll
0x52790000 - 0x527c9000 	H:\Program Files (x86)\Arduino\java\bin\fontmanager.dll
0x526b0000 - 0x526e2000 	H:\Program Files (x86)\Arduino\java\bin\t2k.dll
0x68a20000 - 0x68a28000 	C:\Windows\System32\rasadhlp.dll
0x689d0000 - 0x68a19000 	C:\WINDOWS\System32\fwpuclnt.dll
0x73b90000 - 0x73bb2000 	C:\WINDOWS\SYSTEM32\DEVOBJ.dll
0x75980000 - 0x759c3000 	C:\WINDOWS\System32\WINTRUST.dll
0x753d0000 - 0x753de000 	C:\WINDOWS\System32\MSASN1.dll
0x761a0000 - 0x7631d000 	C:\WINDOWS\System32\CRYPT32.dll
0x51ad0000 - 0x51b39000 	H:\Program Files (x86)\Arduino\msvcp100.dll
0x51320000 - 0x513de000 	H:\Program Files (x86)\Arduino\msvcr100.dll
0x2da60000 - 0x2da92000 	H:\Program Files (x86)\Arduino\lib\AStylej.dll
0x52680000 - 0x526a4000 	H:\Program Files (x86)\Arduino\java\bin\dcpr.dll
0x753e0000 - 0x75464000 	C:\WINDOWS\System32\clbcatq.dll
0x65fe0000 - 0x6614e000 	C:\WINDOWS\SYSTEM32\WindowsCodecs.dll
0x63530000 - 0x63574000 	C:\WINDOWS\system32\dataexchange.dll
0x631e0000 - 0x63410000 	C:\WINDOWS\system32\d3d11.dll
0x63410000 - 0x63523000 	C:\WINDOWS\system32\dcomp.dll
0x66da0000 - 0x66e24000 	C:\WINDOWS\system32\dxgi.dll
0x630e0000 - 0x631d1000 	C:\WINDOWS\system32\twinapi.appcore.dll
0x64000000 - 0x6401b000 	C:\Users\gatzaraki\.jssc\windows\jSSC-2.8_x86.dll
0x6a910000 - 0x6aa55000 	C:\WINDOWS\SYSTEM32\dbghelp.dll

VM Arguments:
jvm_args: -Dsun.java2d.d3d=false -Djna.nosys=true -DAPP_DIR=H:\Program Files (x86)\Arduino -Xms128M -Xmx512M 
java_command: processing.app.Base H:\Projects\kaimana\Kaimana8btn\Demo\demo\demo.ino
java_class_path (initial): H:\Program Files (x86)\Arduino\lib\apple.jar;H:\Program Files (x86)\Arduino\lib\arduino-core.jar;H:\Program Files (x86)\Arduino\lib\batik-1.8.jar;H:\Program Files (x86)\Arduino\lib\batik-anim-1.8.jar;H:\Program Files (x86)\Arduino\lib\batik-awt-util-1.8.jar;H:\Program Files (x86)\Arduino\lib\batik-bridge-1.8.jar;H:\Program Files (x86)\Arduino\lib\batik-codec-1.8.jar;H:\Program Files (x86)\Arduino\lib\batik-css-1.8.jar;H:\Program Files (x86)\Arduino\lib\batik-dom-1.8.jar;H:\Program Files (x86)\Arduino\lib\batik-ext-1.8.jar;H:\Program Files (x86)\Arduino\lib\batik-gvt-1.8.jar;H:\Program Files (x86)\Arduino\lib\batik-parser-1.8.jar;H:\Program Files (x86)\Arduino\lib\batik-rasterizer-1.8.jar;H:\Program Files (x86)\Arduino\lib\batik-script-1.8.jar;H:\Program Files (x86)\Arduino\lib\batik-squiggle-1.8.jar;H:\Program Files (x86)\Arduino\lib\batik-svg-dom-1.8.jar;H:\Program Files (x86)\Arduino\lib\batik-svgpp-1.8.jar;H:\Program Files (x86)\Arduino\lib\batik-transcoder-1.8.jar;H:\Program Files (x86)\Arduino\lib\batik-util-1.8.jar;H:\Program Files (x86)\Arduino\lib\batik-xml-1.8.jar;H:\Program Files (x86)\Arduino\lib\bcpg-jdk15on-152.jar;H:\Program Files (x86)\Arduino\lib\bcprov-jdk15on-152.jar;H:\Program Files (x86)\Arduino\lib\commons-codec-1.7.jar;H:\Program Files (x86)\Arduino\lib\commons-compress-1.8.jar;H:\Program Files (x86)\Arduino\lib\commons-exec-1.1.jar;H:\Program Files (x86)\Arduino\lib\commons-httpclient-3.1.jar;H:\Program Files (x86)\Arduino\lib\commons-lang3-3.3.2.jar;H:\Program Files (x86)\Arduino\lib\commons-logging-1.0.4.jar;H:\Program Files (x86)\Arduino\lib\commons-net-3.3.jar;H:\Program Files (x86)\Arduino\lib\jackson-annotations-2.6.3.jar;H:\Program Files (x86)\Arduino\lib\jackson-core-2.6.3.jar;H:\Program Files (x86)\Arduino\lib\jackson-databind-2.6.3.jar;H:\Program Files (x86)\Arduino\lib\jackson-module-mrbean-2.6.3.jar;H:\Program Files (x86)\Arduino\lib\java-semver-0.8.0.jar;H:\Program Files (x86)\Arduino\lib\jmdns-3.4.1.j
Launcher Type: SUN_STANDARD

Environment Variables:
PATH=H:\Python34\Lib\site-packages\PyQt4;C:\Program Files (x86)\Common Files\Microsoft Shared\Windows Live;C:\ProgramData\Oracle\Java\javapath;C:\Program Files (x86)\Intel\iCLS Client\;C:\Program Files\Intel\iCLS Client\;C:\Windows\system32;C:\Windows;C:\Windows\System32\Wbem;C:\Windows\System32\WindowsPowerShell\v1.0\;C:\Program Files\Intel\Intel(R) Management Engine Components\DAL;C:\Program Files (x86)\Intel\Intel(R) Management Engine Components\DAL;C:\Program Files\Intel\Intel(R) Management Engine Components\IPT;C:\Program Files (x86)\Intel\Intel(R) Management Engine Components\IPT;C:\Program Files (x86)\AMD\ATI.ACE\Core-Static;C:\Program Files\Microsoft\Web Platform Installer\;C:\Program Files (x86)\Microsoft ASP.NET\ASP.NET Web Pages\v1.0\;C:\Program Files\Microsoft SQL Server\110\Tools\Binn\;C:\Program Files\WIDCOMM\Bluetooth Software\;C:\Program Files\WIDCOMM\Bluetooth Software\syswow64;C:\Program Files (x86)\Windows Kits\10\Windows Performance Toolkit\;C:\Program Files (x86)\Skype\Phone\;C:\Program Files (x86)\NVIDIA Corporation\PhysX\Common;H:\Program Files (x86)\Livestreamer;C:\WINDOWS\system32;C:\WINDOWS;C:\WINDOWS\System32\Wbem;C:\WINDOWS\System32\WindowsPowerShell\v1.0\;C:\Program Files\Common Files\Microsoft Shared\Windows Live;H:\Program Files (x86)\Microsoft VS Code\bin;C:\Users\gatzaraki\AppData\Local\Microsoft\WindowsApps;H:\Program Files (x86)\Arduino\java\bin
USERNAME=gatzaraki
OS=Windows_NT
PROCESSOR_IDENTIFIER=Intel64 Family 6 Model 60 Stepping 3, GenuineIntel



---------------  S Y S T E M  ---------------

OS: Windows 10.0 , 64 bit Build 14393 (10.0.14393.0)

CPU:total 8 (4 cores per cpu, 2 threads per core) family 6 model 60 stepping 3, cmov, cx8, fxsr, mmx, sse, sse2, sse3, ssse3, sse4.1, sse4.2, popcnt, avx, avx2, aes, clmul, erms, lzcnt, ht, tsc, tscinvbit, bmi1, bmi2

Memory: 4k page, physical 12530656k(7720468k free), swap 25113568k(16872084k free)

vm_info: Java HotSpot(TM) Client VM (25.92-b14) for windows-x86 JRE (1.8.0_92-b14), built on Mar 31 2016 21:09:21 by "java_re" with MS VC++ 10.0 (VS2010)

time: Sun Sep 04 01:04:57 2016
elapsed time: 733 seconds (0d 0h 12m 13s)

